-- Found ament_cmake: 1.3.12 (/opt/ros/humble/share/ament_cmake/cmake)
-- Found xacro: 2.1.1 (/opt/ros/humble/share/xacro/cmake)
-- Configuring done
-- Generating done
[33mCMake Warning:
  Manually-specified variables were not used by the project:

    CATKIN_INSTALL_INTO_PREFIX_ROOT
    CATKIN_SYMLINK_INSTALL

[0m
-- Build files have been written to: /home/user/ROS2AMR/docker/docker_environment/rosbot3_simulation/build/rosbot3_gazebo
-- Install configuration: ""
-- Installing: /home/user/ROS2AMR/docker/docker_environment/rosbot3_simulation/install/rosbot3_gazebo/share/ament_index/resource_index/package_run_dependencies/rosbot3_gazebo
-- Installing: /home/user/ROS2AMR/docker/docker_environment/rosbot3_simulation/install/rosbot3_gazebo/share/ament_index/resource_index/parent_prefix_path/rosbot3_gazebo
-- Installing: /home/user/ROS2AMR/docker/docker_environment/rosbot3_simulation/install/rosbot3_gazebo/share/rosbot3_gazebo/environment/ament_prefix_path.sh
-- Installing: /home/user/ROS2AMR/docker/docker_environment/rosbot3_simulation/install/rosbot3_gazebo/share/rosbot3_gazebo/environment/ament_prefix_path.dsv
-- Installing: /home/user/ROS2AMR/docker/docker_environment/rosbot3_simulation/install/rosbot3_gazebo/share/rosbot3_gazebo/environment/path.sh
-- Installing: /home/user/ROS2AMR/docker/docker_environment/rosbot3_simulation/install/rosbot3_gazebo/share/rosbot3_gazebo/environment/path.dsv
-- Installing: /home/user/ROS2AMR/docker/docker_environment/rosbot3_simulation/install/rosbot3_gazebo/share/rosbot3_gazebo/local_setup.bash
-- Installing: /home/user/ROS2AMR/docker/docker_environment/rosbot3_simulation/install/rosbot3_gazebo/share/rosbot3_gazebo/local_setup.sh
-- Installing: /home/user/ROS2AMR/docker/docker_environment/rosbot3_simulation/install/rosbot3_gazebo/share/rosbot3_gazebo/local_setup.zsh
-- Installing: /home/user/ROS2AMR/docker/docker_environment/rosbot3_simulation/install/rosbot3_gazebo/share/rosbot3_gazebo/local_setup.dsv
-- Installing: /home/user/ROS2AMR/docker/docker_environment/rosbot3_simulation/install/rosbot3_gazebo/share/rosbot3_gazebo/package.dsv
-- Installing: /home/user/ROS2AMR/docker/docker_environment/rosbot3_simulation/install/rosbot3_gazebo/share/ament_index/resource_index/packages/rosbot3_gazebo
-- Installing: /home/user/ROS2AMR/docker/docker_environment/rosbot3_simulation/install/rosbot3_gazebo/share/rosbot3_gazebo/cmake/rosbot3_gazeboConfig.cmake
-- Installing: /home/user/ROS2AMR/docker/docker_environment/rosbot3_simulation/install/rosbot3_gazebo/share/rosbot3_gazebo/cmake/rosbot3_gazeboConfig-version.cmake
-- Installing: /home/user/ROS2AMR/docker/docker_environment/rosbot3_simulation/install/rosbot3_gazebo/share/rosbot3_gazebo/package.xml
