[0.021s] Invoking command in '/home/user/ROS2AMR/docker/docker_environment/rosbot3_simulation/build/rosbot3_gazebo': PS1=(ros2) [\u@\h:\W]\$ VIRTUAL_ENV_PROMPT=(ros2) /usr/bin/cmake /home/user/ROS2AMR/docker/docker_environment/rosbot3_simulation/src/rosbot3_gazebo -DCATKIN_INSTALL_INTO_PREFIX_ROOT=0 -DCATKIN_SYMLINK_INSTALL=ON -DCMAKE_INSTALL_PREFIX=/home/user/ROS2AMR/docker/docker_environment/rosbot3_simulation/install/rosbot3_gazebo
[0.032s] -- Found ament_cmake: 1.3.12 (/opt/ros/humble/share/ament_cmake/cmake)
[0.199s] -- Found xacro: 2.1.1 (/opt/ros/humble/share/xacro/cmake)
[0.274s] -- Configuring done
[0.285s] -- Generating done
[0.285s] [33mCMake Warning:
[0.285s]   Manually-specified variables were not used by the project:
[0.285s] 
[0.285s]     CATKIN_INSTALL_INTO_PREFIX_ROOT
[0.286s]     CATKIN_SYMLINK_INSTALL
[0.286s] 
[0.286s] [0m
[0.288s] -- Build files have been written to: /home/user/ROS2AMR/docker/docker_environment/rosbot3_simulation/build/rosbot3_gazebo
[0.292s] Invoked command in '/home/user/ROS2AMR/docker/docker_environment/rosbot3_simulation/build/rosbot3_gazebo' returned '0': PS1=(ros2) [\u@\h:\W]\$ VIRTUAL_ENV_PROMPT=(ros2) /usr/bin/cmake /home/user/ROS2AMR/docker/docker_environment/rosbot3_simulation/src/rosbot3_gazebo -DCATKIN_INSTALL_INTO_PREFIX_ROOT=0 -DCATKIN_SYMLINK_INSTALL=ON -DCMAKE_INSTALL_PREFIX=/home/user/ROS2AMR/docker/docker_environment/rosbot3_simulation/install/rosbot3_gazebo
[0.293s] Invoking command in '/home/user/ROS2AMR/docker/docker_environment/rosbot3_simulation/build/rosbot3_gazebo': PS1=(ros2) [\u@\h:\W]\$ VIRTUAL_ENV_PROMPT=(ros2) /usr/bin/cmake --build /home/user/ROS2AMR/docker/docker_environment/rosbot3_simulation/build/rosbot3_gazebo -- -j4 -l4
[0.332s] Invoked command in '/home/user/ROS2AMR/docker/docker_environment/rosbot3_simulation/build/rosbot3_gazebo' returned '0': PS1=(ros2) [\u@\h:\W]\$ VIRTUAL_ENV_PROMPT=(ros2) /usr/bin/cmake --build /home/user/ROS2AMR/docker/docker_environment/rosbot3_simulation/build/rosbot3_gazebo -- -j4 -l4
[0.334s] Invoking command in '/home/user/ROS2AMR/docker/docker_environment/rosbot3_simulation/build/rosbot3_gazebo': PS1=(ros2) [\u@\h:\W]\$ VIRTUAL_ENV_PROMPT=(ros2) /usr/bin/cmake --install /home/user/ROS2AMR/docker/docker_environment/rosbot3_simulation/build/rosbot3_gazebo
[0.344s] -- Install configuration: ""
[0.346s] -- Installing: /home/user/ROS2AMR/docker/docker_environment/rosbot3_simulation/install/rosbot3_gazebo/share/ament_index/resource_index/package_run_dependencies/rosbot3_gazebo
[0.348s] -- Installing: /home/user/ROS2AMR/docker/docker_environment/rosbot3_simulation/install/rosbot3_gazebo/share/ament_index/resource_index/parent_prefix_path/rosbot3_gazebo
[0.348s] -- Installing: /home/user/ROS2AMR/docker/docker_environment/rosbot3_simulation/install/rosbot3_gazebo/share/rosbot3_gazebo/environment/ament_prefix_path.sh
[0.349s] -- Installing: /home/user/ROS2AMR/docker/docker_environment/rosbot3_simulation/install/rosbot3_gazebo/share/rosbot3_gazebo/environment/ament_prefix_path.dsv
[0.351s] -- Installing: /home/user/ROS2AMR/docker/docker_environment/rosbot3_simulation/install/rosbot3_gazebo/share/rosbot3_gazebo/environment/path.sh
[0.351s] -- Installing: /home/user/ROS2AMR/docker/docker_environment/rosbot3_simulation/install/rosbot3_gazebo/share/rosbot3_gazebo/environment/path.dsv
[0.351s] -- Installing: /home/user/ROS2AMR/docker/docker_environment/rosbot3_simulation/install/rosbot3_gazebo/share/rosbot3_gazebo/local_setup.bash
[0.352s] -- Installing: /home/user/ROS2AMR/docker/docker_environment/rosbot3_simulation/install/rosbot3_gazebo/share/rosbot3_gazebo/local_setup.sh
[0.352s] -- Installing: /home/user/ROS2AMR/docker/docker_environment/rosbot3_simulation/install/rosbot3_gazebo/share/rosbot3_gazebo/local_setup.zsh
[0.352s] -- Installing: /home/user/ROS2AMR/docker/docker_environment/rosbot3_simulation/install/rosbot3_gazebo/share/rosbot3_gazebo/local_setup.dsv
[0.352s] -- Installing: /home/user/ROS2AMR/docker/docker_environment/rosbot3_simulation/install/rosbot3_gazebo/share/rosbot3_gazebo/package.dsv
[0.353s] -- Installing: /home/user/ROS2AMR/docker/docker_environment/rosbot3_simulation/install/rosbot3_gazebo/share/ament_index/resource_index/packages/rosbot3_gazebo
[0.354s] -- Installing: /home/user/ROS2AMR/docker/docker_environment/rosbot3_simulation/install/rosbot3_gazebo/share/rosbot3_gazebo/cmake/rosbot3_gazeboConfig.cmake
[0.355s] -- Installing: /home/user/ROS2AMR/docker/docker_environment/rosbot3_simulation/install/rosbot3_gazebo/share/rosbot3_gazebo/cmake/rosbot3_gazeboConfig-version.cmake
[0.355s] -- Installing: /home/user/ROS2AMR/docker/docker_environment/rosbot3_simulation/install/rosbot3_gazebo/share/rosbot3_gazebo/package.xml
[0.358s] Invoked command in '/home/user/ROS2AMR/docker/docker_environment/rosbot3_simulation/build/rosbot3_gazebo' returned '0': PS1=(ros2) [\u@\h:\W]\$ VIRTUAL_ENV_PROMPT=(ros2) /usr/bin/cmake --install /home/user/ROS2AMR/docker/docker_environment/rosbot3_simulation/build/rosbot3_gazebo
