[0.000000] (-) TimerEvent: {}
[0.000284] (ros_commons) JobQueued: {'identifier': 'ros_commons', 'dependencies': OrderedDict()}
[0.000325] (rosbot3_description) JobQueued: {'identifier': 'rosbot3_description', 'dependencies': OrderedDict()}
[0.000340] (rosbot3_gazebo) JobQueued: {'identifier': 'rosbot3_gazebo', 'dependencies': OrderedDict()}
[0.000351] (ros_commons) JobStarted: {'identifier': 'ros_commons'}
[0.006486] (rosbot3_description) JobStarted: {'identifier': 'rosbot3_description'}
[0.014355] (rosbot3_gazebo) JobStarted: {'identifier': 'rosbot3_gazebo'}
[0.017467] (ros_commons) JobProgress: {'identifier': 'ros_commons', 'progress': 'cmake'}
[0.018195] (ros_commons) JobProgress: {'identifier': 'ros_commons', 'progress': 'build'}
[0.019086] (ros_commons) Command: {'cmd': ['/usr/bin/cmake', '--build', '/home/user/ROS2AMR/docker/docker_environment/rosbot3_simulation/build/ros_commons', '--', '-j4', '-l4'], 'cwd': '/home/user/ROS2AMR/docker/docker_environment/rosbot3_simulation/build/ros_commons', 'env': OrderedDict([('LESSOPEN', '| /usr/bin/lesspipe %s'), ('HOSTNAME', 'LAPTOP-OA6QUMQB'), ('SHLVL', '1'), ('LD_LIBRARY_PATH', '/usr/lib/x86_64-linux-gnu/gazebo-11/plugins:/opt/ros/humble/opt/rviz_ogre_vendor/lib:/opt/ros/humble/lib/x86_64-linux-gnu:/opt/ros/humble/lib'), ('HOME', '/home/user'), ('OLDPWD', '/home/user/ROS2AMR/docker/docker_environment/rosbot3_simulation/src/rosbot3_gazebo'), ('ROS_PYTHON_VERSION', '3'), ('PS1', '(ros2) [\\u@\\h:\\W]\\$'), ('ROS_DISTRO', 'humble'), ('PULSE_SERVER', 'unix:/tmp/pulseaudio.socket'), ('_', '/usr/bin/colcon'), ('ROS_VERSION', '2'), ('TERM', 'xterm'), ('ROS_LOCALHOST_ONLY', '0'), ('PATH', '/home/user/ros2/bin:/opt/ros/humble/bin:/usr/local/sbin:/usr/local/bin:/usr/sbin:/usr/bin:/sbin:/bin:/home/user/.local/bin'), ('DISPLAY', '172.22.192.1:0'), ('LANG', 'C.UTF-8'), ('VIRTUAL_ENV_PROMPT', '(ros2)'), ('PULSE_COOKIE', '/tmp/pulseaudio.cookie'), ('AMENT_PREFIX_PATH', '/opt/ros/humble'), ('LESSCLOSE', '/usr/bin/lesspipe %s %s'), ('VIRTUAL_ENV', '/home/user/ros2'), ('PWD', '/home/user/ROS2AMR/docker/docker_environment/rosbot3_simulation/build/ros_commons'), ('PYTHONPATH', '/opt/ros/humble/lib/python3.10/site-packages:/opt/ros/humble/local/lib/python3.10/dist-packages'), ('TZ', 'UTC'), ('COLCON', '1')]), 'shell': False}
[0.022222] (rosbot3_description) JobProgress: {'identifier': 'rosbot3_description', 'progress': 'cmake'}
[0.022278] (rosbot3_description) JobProgress: {'identifier': 'rosbot3_description', 'progress': 'build'}
[0.024171] (rosbot3_description) Command: {'cmd': ['/usr/bin/cmake', '--build', '/home/user/ROS2AMR/docker/docker_environment/rosbot3_simulation/build/rosbot3_description', '--', '-j4', '-l4'], 'cwd': '/home/user/ROS2AMR/docker/docker_environment/rosbot3_simulation/build/rosbot3_description', 'env': OrderedDict([('LESSOPEN', '| /usr/bin/lesspipe %s'), ('HOSTNAME', 'LAPTOP-OA6QUMQB'), ('SHLVL', '1'), ('LD_LIBRARY_PATH', '/usr/lib/x86_64-linux-gnu/gazebo-11/plugins:/opt/ros/humble/opt/rviz_ogre_vendor/lib:/opt/ros/humble/lib/x86_64-linux-gnu:/opt/ros/humble/lib'), ('HOME', '/home/user'), ('OLDPWD', '/home/user/ROS2AMR/docker/docker_environment/rosbot3_simulation/src/rosbot3_gazebo'), ('ROS_PYTHON_VERSION', '3'), ('PS1', '(ros2) [\\u@\\h:\\W]\\$'), ('ROS_DISTRO', 'humble'), ('PULSE_SERVER', 'unix:/tmp/pulseaudio.socket'), ('_', '/usr/bin/colcon'), ('ROS_VERSION', '2'), ('TERM', 'xterm'), ('ROS_LOCALHOST_ONLY', '0'), ('PATH', '/home/user/ros2/bin:/opt/ros/humble/bin:/usr/local/sbin:/usr/local/bin:/usr/sbin:/usr/bin:/sbin:/bin:/home/user/.local/bin'), ('DISPLAY', '172.22.192.1:0'), ('LANG', 'C.UTF-8'), ('VIRTUAL_ENV_PROMPT', '(ros2)'), ('PULSE_COOKIE', '/tmp/pulseaudio.cookie'), ('AMENT_PREFIX_PATH', '/opt/ros/humble'), ('LESSCLOSE', '/usr/bin/lesspipe %s %s'), ('VIRTUAL_ENV', '/home/user/ros2'), ('PWD', '/home/user/ROS2AMR/docker/docker_environment/rosbot3_simulation/build/rosbot3_description'), ('PYTHONPATH', '/opt/ros/humble/lib/python3.10/site-packages:/opt/ros/humble/local/lib/python3.10/dist-packages'), ('TZ', 'UTC'), ('COLCON', '1')]), 'shell': False}
[0.031421] (rosbot3_gazebo) JobProgress: {'identifier': 'rosbot3_gazebo', 'progress': 'cmake'}
[0.031849] (rosbot3_gazebo) Command: {'cmd': ['/usr/bin/cmake', '/home/user/ROS2AMR/docker/docker_environment/rosbot3_simulation/src/rosbot3_gazebo', '-DCATKIN_INSTALL_INTO_PREFIX_ROOT=0', '-DCATKIN_SYMLINK_INSTALL=ON', '-DCMAKE_INSTALL_PREFIX=/home/user/ROS2AMR/docker/docker_environment/rosbot3_simulation/install/rosbot3_gazebo'], 'cwd': '/home/user/ROS2AMR/docker/docker_environment/rosbot3_simulation/build/rosbot3_gazebo', 'env': OrderedDict([('LESSOPEN', '| /usr/bin/lesspipe %s'), ('HOSTNAME', 'LAPTOP-OA6QUMQB'), ('SHLVL', '1'), ('LD_LIBRARY_PATH', '/usr/lib/x86_64-linux-gnu/gazebo-11/plugins:/opt/ros/humble/opt/rviz_ogre_vendor/lib:/opt/ros/humble/lib/x86_64-linux-gnu:/opt/ros/humble/lib'), ('HOME', '/home/user'), ('OLDPWD', '/home/user/ROS2AMR/docker/docker_environment/rosbot3_simulation/src/rosbot3_gazebo'), ('ROS_PYTHON_VERSION', '3'), ('PS1', '(ros2) [\\u@\\h:\\W]\\$'), ('ROS_DISTRO', 'humble'), ('PULSE_SERVER', 'unix:/tmp/pulseaudio.socket'), ('_', '/usr/bin/colcon'), ('ROS_VERSION', '2'), ('TERM', 'xterm'), ('ROS_LOCALHOST_ONLY', '0'), ('PATH', '/home/user/ros2/bin:/opt/ros/humble/bin:/usr/local/sbin:/usr/local/bin:/usr/sbin:/usr/bin:/sbin:/bin:/home/user/.local/bin'), ('DISPLAY', '172.22.192.1:0'), ('LANG', 'C.UTF-8'), ('VIRTUAL_ENV_PROMPT', '(ros2)'), ('PULSE_COOKIE', '/tmp/pulseaudio.cookie'), ('AMENT_PREFIX_PATH', '/opt/ros/humble'), ('LESSCLOSE', '/usr/bin/lesspipe %s %s'), ('VIRTUAL_ENV', '/home/user/ros2'), ('PWD', '/home/user/ROS2AMR/docker/docker_environment/rosbot3_simulation/build/rosbot3_gazebo'), ('PYTHONPATH', '/opt/ros/humble/lib/python3.10/site-packages:/opt/ros/humble/local/lib/python3.10/dist-packages'), ('TZ', 'UTC'), ('COLCON', '1')]), 'shell': False}
[0.046705] (rosbot3_gazebo) StdoutLine: {'line': b'-- Found ament_cmake: 1.3.12 (/opt/ros/humble/share/ament_cmake/cmake)\n'}
[0.065822] (rosbot3_description) CommandEnded: {'returncode': 0}
[0.066253] (rosbot3_description) JobProgress: {'identifier': 'rosbot3_description', 'progress': 'install'}
[0.074313] (rosbot3_description) Command: {'cmd': ['/usr/bin/cmake', '--install', '/home/user/ROS2AMR/docker/docker_environment/rosbot3_simulation/build/rosbot3_description'], 'cwd': '/home/user/ROS2AMR/docker/docker_environment/rosbot3_simulation/build/rosbot3_description', 'env': OrderedDict([('LESSOPEN', '| /usr/bin/lesspipe %s'), ('HOSTNAME', 'LAPTOP-OA6QUMQB'), ('SHLVL', '1'), ('LD_LIBRARY_PATH', '/usr/lib/x86_64-linux-gnu/gazebo-11/plugins:/opt/ros/humble/opt/rviz_ogre_vendor/lib:/opt/ros/humble/lib/x86_64-linux-gnu:/opt/ros/humble/lib'), ('HOME', '/home/user'), ('OLDPWD', '/home/user/ROS2AMR/docker/docker_environment/rosbot3_simulation/src/rosbot3_gazebo'), ('ROS_PYTHON_VERSION', '3'), ('PS1', '(ros2) [\\u@\\h:\\W]\\$'), ('ROS_DISTRO', 'humble'), ('PULSE_SERVER', 'unix:/tmp/pulseaudio.socket'), ('_', '/usr/bin/colcon'), ('ROS_VERSION', '2'), ('TERM', 'xterm'), ('ROS_LOCALHOST_ONLY', '0'), ('PATH', '/home/user/ros2/bin:/opt/ros/humble/bin:/usr/local/sbin:/usr/local/bin:/usr/sbin:/usr/bin:/sbin:/bin:/home/user/.local/bin'), ('DISPLAY', '172.22.192.1:0'), ('LANG', 'C.UTF-8'), ('VIRTUAL_ENV_PROMPT', '(ros2)'), ('PULSE_COOKIE', '/tmp/pulseaudio.cookie'), ('AMENT_PREFIX_PATH', '/opt/ros/humble'), ('LESSCLOSE', '/usr/bin/lesspipe %s %s'), ('VIRTUAL_ENV', '/home/user/ros2'), ('PWD', '/home/user/ROS2AMR/docker/docker_environment/rosbot3_simulation/build/rosbot3_description'), ('PYTHONPATH', '/opt/ros/humble/lib/python3.10/site-packages:/opt/ros/humble/local/lib/python3.10/dist-packages'), ('TZ', 'UTC'), ('COLCON', '1')]), 'shell': False}
[0.076038] (ros_commons) CommandEnded: {'returncode': 0}
[0.077285] (ros_commons) JobProgress: {'identifier': 'ros_commons', 'progress': 'install'}
[0.077731] (ros_commons) Command: {'cmd': ['/usr/bin/cmake', '--install', '/home/user/ROS2AMR/docker/docker_environment/rosbot3_simulation/build/ros_commons'], 'cwd': '/home/user/ROS2AMR/docker/docker_environment/rosbot3_simulation/build/ros_commons', 'env': OrderedDict([('LESSOPEN', '| /usr/bin/lesspipe %s'), ('HOSTNAME', 'LAPTOP-OA6QUMQB'), ('SHLVL', '1'), ('LD_LIBRARY_PATH', '/usr/lib/x86_64-linux-gnu/gazebo-11/plugins:/opt/ros/humble/opt/rviz_ogre_vendor/lib:/opt/ros/humble/lib/x86_64-linux-gnu:/opt/ros/humble/lib'), ('HOME', '/home/user'), ('OLDPWD', '/home/user/ROS2AMR/docker/docker_environment/rosbot3_simulation/src/rosbot3_gazebo'), ('ROS_PYTHON_VERSION', '3'), ('PS1', '(ros2) [\\u@\\h:\\W]\\$'), ('ROS_DISTRO', 'humble'), ('PULSE_SERVER', 'unix:/tmp/pulseaudio.socket'), ('_', '/usr/bin/colcon'), ('ROS_VERSION', '2'), ('TERM', 'xterm'), ('ROS_LOCALHOST_ONLY', '0'), ('PATH', '/home/user/ros2/bin:/opt/ros/humble/bin:/usr/local/sbin:/usr/local/bin:/usr/sbin:/usr/bin:/sbin:/bin:/home/user/.local/bin'), ('DISPLAY', '172.22.192.1:0'), ('LANG', 'C.UTF-8'), ('VIRTUAL_ENV_PROMPT', '(ros2)'), ('PULSE_COOKIE', '/tmp/pulseaudio.cookie'), ('AMENT_PREFIX_PATH', '/opt/ros/humble'), ('LESSCLOSE', '/usr/bin/lesspipe %s %s'), ('VIRTUAL_ENV', '/home/user/ros2'), ('PWD', '/home/user/ROS2AMR/docker/docker_environment/rosbot3_simulation/build/ros_commons'), ('PYTHONPATH', '/opt/ros/humble/lib/python3.10/site-packages:/opt/ros/humble/local/lib/python3.10/dist-packages'), ('TZ', 'UTC'), ('COLCON', '1')]), 'shell': False}
[0.090536] (rosbot3_description) StdoutLine: {'line': b'-- Install configuration: ""\n'}
[0.090928] (rosbot3_description) StdoutLine: {'line': b'-- Up-to-date: /home/user/ROS2AMR/docker/docker_environment/rosbot3_simulation/install/rosbot3_description/share/ament_index/resource_index/package_run_dependencies/rosbot3_description\n'}
[0.091098] (rosbot3_description) StdoutLine: {'line': b'-- Up-to-date: /home/user/ROS2AMR/docker/docker_environment/rosbot3_simulation/install/rosbot3_description/share/ament_index/resource_index/parent_prefix_path/rosbot3_description\n'}
[0.091150] (rosbot3_description) StdoutLine: {'line': b'-- Up-to-date: /home/user/ROS2AMR/docker/docker_environment/rosbot3_simulation/install/rosbot3_description/share/rosbot3_description/environment/ament_prefix_path.sh\n'}
[0.091255] (rosbot3_description) StdoutLine: {'line': b'-- Up-to-date: /home/user/ROS2AMR/docker/docker_environment/rosbot3_simulation/install/rosbot3_description/share/rosbot3_description/environment/ament_prefix_path.dsv\n'}
[0.091350] (rosbot3_description) StdoutLine: {'line': b'-- Up-to-date: /home/user/ROS2AMR/docker/docker_environment/rosbot3_simulation/install/rosbot3_description/share/rosbot3_description/environment/path.sh\n'}
[0.091425] (rosbot3_description) StdoutLine: {'line': b'-- Up-to-date: /home/user/ROS2AMR/docker/docker_environment/rosbot3_simulation/install/rosbot3_description/share/rosbot3_description/environment/path.dsv\n'}
[0.091530] (rosbot3_description) StdoutLine: {'line': b'-- Up-to-date: /home/user/ROS2AMR/docker/docker_environment/rosbot3_simulation/install/rosbot3_description/share/rosbot3_description/local_setup.bash\n'}
[0.091580] (rosbot3_description) StdoutLine: {'line': b'-- Up-to-date: /home/user/ROS2AMR/docker/docker_environment/rosbot3_simulation/install/rosbot3_description/share/rosbot3_description/local_setup.sh\n'}
[0.091708] (rosbot3_description) StdoutLine: {'line': b'-- Up-to-date: /home/user/ROS2AMR/docker/docker_environment/rosbot3_simulation/install/rosbot3_description/share/rosbot3_description/local_setup.zsh\n'}
[0.091766] (rosbot3_description) StdoutLine: {'line': b'-- Up-to-date: /home/user/ROS2AMR/docker/docker_environment/rosbot3_simulation/install/rosbot3_description/share/rosbot3_description/local_setup.dsv\n'}
[0.091861] (rosbot3_description) StdoutLine: {'line': b'-- Installing: /home/user/ROS2AMR/docker/docker_environment/rosbot3_simulation/install/rosbot3_description/share/rosbot3_description/package.dsv\n'}
[0.091965] (rosbot3_description) StdoutLine: {'line': b'-- Up-to-date: /home/user/ROS2AMR/docker/docker_environment/rosbot3_simulation/install/rosbot3_description/share/ament_index/resource_index/packages/rosbot3_description\n'}
[0.092339] (rosbot3_description) StdoutLine: {'line': b'-- Up-to-date: /home/user/ROS2AMR/docker/docker_environment/rosbot3_simulation/install/rosbot3_description/share/rosbot3_description/cmake/rosbot3_descriptionConfig.cmake\n'}
[0.092543] (rosbot3_description) StdoutLine: {'line': b'-- Up-to-date: /home/user/ROS2AMR/docker/docker_environment/rosbot3_simulation/install/rosbot3_description/share/rosbot3_description/cmake/rosbot3_descriptionConfig-version.cmake\n'}
[0.092689] (rosbot3_description) StdoutLine: {'line': b'-- Up-to-date: /home/user/ROS2AMR/docker/docker_environment/rosbot3_simulation/install/rosbot3_description/share/rosbot3_description/package.xml\n'}
[0.092834] (rosbot3_description) CommandEnded: {'returncode': 0}
[0.093526] (ros_commons) StdoutLine: {'line': b'-- Install configuration: ""\n'}
[0.094527] (ros_commons) StdoutLine: {'line': b'-- Up-to-date: /home/user/ROS2AMR/docker/docker_environment/rosbot3_simulation/install/ros_commons/share/ament_index/resource_index/package_run_dependencies/ros_commons\n'}
[0.094619] (ros_commons) StdoutLine: {'line': b'-- Up-to-date: /home/user/ROS2AMR/docker/docker_environment/rosbot3_simulation/install/ros_commons/share/ament_index/resource_index/parent_prefix_path/ros_commons\n'}
[0.094676] (ros_commons) StdoutLine: {'line': b'-- Up-to-date: /home/user/ROS2AMR/docker/docker_environment/rosbot3_simulation/install/ros_commons/share/ros_commons/environment/ament_prefix_path.sh\n'}
[0.094727] (ros_commons) StdoutLine: {'line': b'-- Up-to-date: /home/user/ROS2AMR/docker/docker_environment/rosbot3_simulation/install/ros_commons/share/ros_commons/environment/ament_prefix_path.dsv\n'}
[0.094773] (ros_commons) StdoutLine: {'line': b'-- Up-to-date: /home/user/ROS2AMR/docker/docker_environment/rosbot3_simulation/install/ros_commons/share/ros_commons/environment/path.sh\n'}
[0.094843] (ros_commons) StdoutLine: {'line': b'-- Up-to-date: /home/user/ROS2AMR/docker/docker_environment/rosbot3_simulation/install/ros_commons/share/ros_commons/environment/path.dsv\n'}
[0.094889] (ros_commons) StdoutLine: {'line': b'-- Up-to-date: /home/user/ROS2AMR/docker/docker_environment/rosbot3_simulation/install/ros_commons/share/ros_commons/local_setup.bash\n'}
[0.094934] (ros_commons) StdoutLine: {'line': b'-- Up-to-date: /home/user/ROS2AMR/docker/docker_environment/rosbot3_simulation/install/ros_commons/share/ros_commons/local_setup.sh\n'}
[0.094980] (ros_commons) StdoutLine: {'line': b'-- Up-to-date: /home/user/ROS2AMR/docker/docker_environment/rosbot3_simulation/install/ros_commons/share/ros_commons/local_setup.zsh\n'}
[0.095031] (ros_commons) StdoutLine: {'line': b'-- Up-to-date: /home/user/ROS2AMR/docker/docker_environment/rosbot3_simulation/install/ros_commons/share/ros_commons/local_setup.dsv\n'}
[0.095078] (ros_commons) StdoutLine: {'line': b'-- Installing: /home/user/ROS2AMR/docker/docker_environment/rosbot3_simulation/install/ros_commons/share/ros_commons/package.dsv\n'}
[0.095122] (ros_commons) StdoutLine: {'line': b'-- Up-to-date: /home/user/ROS2AMR/docker/docker_environment/rosbot3_simulation/install/ros_commons/share/ament_index/resource_index/packages/ros_commons\n'}
[0.095166] (ros_commons) StdoutLine: {'line': b'-- Up-to-date: /home/user/ROS2AMR/docker/docker_environment/rosbot3_simulation/install/ros_commons/share/ros_commons/cmake/ros_commonsConfig.cmake\n'}
[0.095209] (ros_commons) StdoutLine: {'line': b'-- Up-to-date: /home/user/ROS2AMR/docker/docker_environment/rosbot3_simulation/install/ros_commons/share/ros_commons/cmake/ros_commonsConfig-version.cmake\n'}
[0.095252] (ros_commons) StdoutLine: {'line': b'-- Up-to-date: /home/user/ROS2AMR/docker/docker_environment/rosbot3_simulation/install/ros_commons/share/ros_commons/package.xml\n'}
[0.099075] (-) TimerEvent: {}
[0.128105] (rosbot3_description) JobEnded: {'identifier': 'rosbot3_description', 'rc': 0}
[0.130663] (ros_commons) CommandEnded: {'returncode': 0}
[0.148693] (ros_commons) JobEnded: {'identifier': 'ros_commons', 'rc': 0}
[0.199309] (-) TimerEvent: {}
[0.212786] (rosbot3_gazebo) StdoutLine: {'line': b'-- Found xacro: 2.1.1 (/opt/ros/humble/share/xacro/cmake)\n'}
[0.288254] (rosbot3_gazebo) StdoutLine: {'line': b'-- Configuring done\n'}
[0.299231] (rosbot3_gazebo) StdoutLine: {'line': b'-- Generating done\n'}
[0.299433] (-) TimerEvent: {}
[0.299644] (rosbot3_gazebo) StderrLine: {'line': b'\x1b[33mCMake Warning:\n'}
[0.299735] (rosbot3_gazebo) StderrLine: {'line': b'  Manually-specified variables were not used by the project:\n'}
[0.299775] (rosbot3_gazebo) StderrLine: {'line': b'\n'}
[0.299812] (rosbot3_gazebo) StderrLine: {'line': b'    CATKIN_INSTALL_INTO_PREFIX_ROOT\n'}
[0.299884] (rosbot3_gazebo) StderrLine: {'line': b'    CATKIN_SYMLINK_INSTALL\n'}
[0.299925] (rosbot3_gazebo) StderrLine: {'line': b'\n'}
[0.299962] (rosbot3_gazebo) StderrLine: {'line': b'\x1b[0m\n'}
[0.302177] (rosbot3_gazebo) StdoutLine: {'line': b'-- Build files have been written to: /home/user/ROS2AMR/docker/docker_environment/rosbot3_simulation/build/rosbot3_gazebo\n'}
[0.306292] (rosbot3_gazebo) CommandEnded: {'returncode': 0}
[0.307003] (rosbot3_gazebo) JobProgress: {'identifier': 'rosbot3_gazebo', 'progress': 'build'}
[0.307568] (rosbot3_gazebo) Command: {'cmd': ['/usr/bin/cmake', '--build', '/home/user/ROS2AMR/docker/docker_environment/rosbot3_simulation/build/rosbot3_gazebo', '--', '-j4', '-l4'], 'cwd': '/home/user/ROS2AMR/docker/docker_environment/rosbot3_simulation/build/rosbot3_gazebo', 'env': OrderedDict([('LESSOPEN', '| /usr/bin/lesspipe %s'), ('HOSTNAME', 'LAPTOP-OA6QUMQB'), ('SHLVL', '1'), ('LD_LIBRARY_PATH', '/usr/lib/x86_64-linux-gnu/gazebo-11/plugins:/opt/ros/humble/opt/rviz_ogre_vendor/lib:/opt/ros/humble/lib/x86_64-linux-gnu:/opt/ros/humble/lib'), ('HOME', '/home/user'), ('OLDPWD', '/home/user/ROS2AMR/docker/docker_environment/rosbot3_simulation/src/rosbot3_gazebo'), ('ROS_PYTHON_VERSION', '3'), ('PS1', '(ros2) [\\u@\\h:\\W]\\$'), ('ROS_DISTRO', 'humble'), ('PULSE_SERVER', 'unix:/tmp/pulseaudio.socket'), ('_', '/usr/bin/colcon'), ('ROS_VERSION', '2'), ('TERM', 'xterm'), ('ROS_LOCALHOST_ONLY', '0'), ('PATH', '/home/user/ros2/bin:/opt/ros/humble/bin:/usr/local/sbin:/usr/local/bin:/usr/sbin:/usr/bin:/sbin:/bin:/home/user/.local/bin'), ('DISPLAY', '172.22.192.1:0'), ('LANG', 'C.UTF-8'), ('VIRTUAL_ENV_PROMPT', '(ros2)'), ('PULSE_COOKIE', '/tmp/pulseaudio.cookie'), ('AMENT_PREFIX_PATH', '/opt/ros/humble'), ('LESSCLOSE', '/usr/bin/lesspipe %s %s'), ('VIRTUAL_ENV', '/home/user/ros2'), ('PWD', '/home/user/ROS2AMR/docker/docker_environment/rosbot3_simulation/build/rosbot3_gazebo'), ('PYTHONPATH', '/opt/ros/humble/lib/python3.10/site-packages:/opt/ros/humble/local/lib/python3.10/dist-packages'), ('TZ', 'UTC'), ('COLCON', '1')]), 'shell': False}
[0.345938] (rosbot3_gazebo) CommandEnded: {'returncode': 0}
[0.346823] (rosbot3_gazebo) JobProgress: {'identifier': 'rosbot3_gazebo', 'progress': 'install'}
[0.347599] (rosbot3_gazebo) Command: {'cmd': ['/usr/bin/cmake', '--install', '/home/user/ROS2AMR/docker/docker_environment/rosbot3_simulation/build/rosbot3_gazebo'], 'cwd': '/home/user/ROS2AMR/docker/docker_environment/rosbot3_simulation/build/rosbot3_gazebo', 'env': OrderedDict([('LESSOPEN', '| /usr/bin/lesspipe %s'), ('HOSTNAME', 'LAPTOP-OA6QUMQB'), ('SHLVL', '1'), ('LD_LIBRARY_PATH', '/usr/lib/x86_64-linux-gnu/gazebo-11/plugins:/opt/ros/humble/opt/rviz_ogre_vendor/lib:/opt/ros/humble/lib/x86_64-linux-gnu:/opt/ros/humble/lib'), ('HOME', '/home/user'), ('OLDPWD', '/home/user/ROS2AMR/docker/docker_environment/rosbot3_simulation/src/rosbot3_gazebo'), ('ROS_PYTHON_VERSION', '3'), ('PS1', '(ros2) [\\u@\\h:\\W]\\$'), ('ROS_DISTRO', 'humble'), ('PULSE_SERVER', 'unix:/tmp/pulseaudio.socket'), ('_', '/usr/bin/colcon'), ('ROS_VERSION', '2'), ('TERM', 'xterm'), ('ROS_LOCALHOST_ONLY', '0'), ('PATH', '/home/user/ros2/bin:/opt/ros/humble/bin:/usr/local/sbin:/usr/local/bin:/usr/sbin:/usr/bin:/sbin:/bin:/home/user/.local/bin'), ('DISPLAY', '172.22.192.1:0'), ('LANG', 'C.UTF-8'), ('VIRTUAL_ENV_PROMPT', '(ros2)'), ('PULSE_COOKIE', '/tmp/pulseaudio.cookie'), ('AMENT_PREFIX_PATH', '/opt/ros/humble'), ('LESSCLOSE', '/usr/bin/lesspipe %s %s'), ('VIRTUAL_ENV', '/home/user/ros2'), ('PWD', '/home/user/ROS2AMR/docker/docker_environment/rosbot3_simulation/build/rosbot3_gazebo'), ('PYTHONPATH', '/opt/ros/humble/lib/python3.10/site-packages:/opt/ros/humble/local/lib/python3.10/dist-packages'), ('TZ', 'UTC'), ('COLCON', '1')]), 'shell': False}
[0.355556] (rosbot3_gazebo) StdoutLine: {'line': b'-- Install configuration: ""\n'}
[0.360030] (rosbot3_gazebo) StdoutLine: {'line': b'-- Installing: /home/user/ROS2AMR/docker/docker_environment/rosbot3_simulation/install/rosbot3_gazebo/share/ament_index/resource_index/package_run_dependencies/rosbot3_gazebo\n'}
[0.361107] (rosbot3_gazebo) StdoutLine: {'line': b'-- Installing: /home/user/ROS2AMR/docker/docker_environment/rosbot3_simulation/install/rosbot3_gazebo/share/ament_index/resource_index/parent_prefix_path/rosbot3_gazebo\n'}
[0.362367] (rosbot3_gazebo) StdoutLine: {'line': b'-- Installing: /home/user/ROS2AMR/docker/docker_environment/rosbot3_simulation/install/rosbot3_gazebo/share/rosbot3_gazebo/environment/ament_prefix_path.sh\n'}
[0.362724] (rosbot3_gazebo) StdoutLine: {'line': b'-- Installing: /home/user/ROS2AMR/docker/docker_environment/rosbot3_simulation/install/rosbot3_gazebo/share/rosbot3_gazebo/environment/ament_prefix_path.dsv\n'}
[0.364460] (rosbot3_gazebo) StdoutLine: {'line': b'-- Installing: /home/user/ROS2AMR/docker/docker_environment/rosbot3_simulation/install/rosbot3_gazebo/share/rosbot3_gazebo/environment/path.sh\n'}
[0.365506] (rosbot3_gazebo) StdoutLine: {'line': b'-- Installing: /home/user/ROS2AMR/docker/docker_environment/rosbot3_simulation/install/rosbot3_gazebo/share/rosbot3_gazebo/environment/path.dsv\n'}
[0.365628] (rosbot3_gazebo) StdoutLine: {'line': b'-- Installing: /home/user/ROS2AMR/docker/docker_environment/rosbot3_simulation/install/rosbot3_gazebo/share/rosbot3_gazebo/local_setup.bash\n'}
[0.365895] (rosbot3_gazebo) StdoutLine: {'line': b'-- Installing: /home/user/ROS2AMR/docker/docker_environment/rosbot3_simulation/install/rosbot3_gazebo/share/rosbot3_gazebo/local_setup.sh\n'}
[0.366216] (rosbot3_gazebo) StdoutLine: {'line': b'-- Installing: /home/user/ROS2AMR/docker/docker_environment/rosbot3_simulation/install/rosbot3_gazebo/share/rosbot3_gazebo/local_setup.zsh\n'}
[0.366375] (rosbot3_gazebo) StdoutLine: {'line': b'-- Installing: /home/user/ROS2AMR/docker/docker_environment/rosbot3_simulation/install/rosbot3_gazebo/share/rosbot3_gazebo/local_setup.dsv\n'}
[0.366680] (rosbot3_gazebo) StdoutLine: {'line': b'-- Installing: /home/user/ROS2AMR/docker/docker_environment/rosbot3_simulation/install/rosbot3_gazebo/share/rosbot3_gazebo/package.dsv\n'}
[0.366943] (rosbot3_gazebo) StdoutLine: {'line': b'-- Installing: /home/user/ROS2AMR/docker/docker_environment/rosbot3_simulation/install/rosbot3_gazebo/share/ament_index/resource_index/packages/rosbot3_gazebo\n'}
[0.368412] (rosbot3_gazebo) StdoutLine: {'line': b'-- Installing: /home/user/ROS2AMR/docker/docker_environment/rosbot3_simulation/install/rosbot3_gazebo/share/rosbot3_gazebo/cmake/rosbot3_gazeboConfig.cmake\n'}
[0.368870] (rosbot3_gazebo) StdoutLine: {'line': b'-- Installing: /home/user/ROS2AMR/docker/docker_environment/rosbot3_simulation/install/rosbot3_gazebo/share/rosbot3_gazebo/cmake/rosbot3_gazeboConfig-version.cmake\n'}
[0.368975] (rosbot3_gazebo) StdoutLine: {'line': b'-- Installing: /home/user/ROS2AMR/docker/docker_environment/rosbot3_simulation/install/rosbot3_gazebo/share/rosbot3_gazebo/package.xml\n'}
[0.371695] (rosbot3_gazebo) CommandEnded: {'returncode': 0}
[0.391561] (rosbot3_gazebo) JobEnded: {'identifier': 'rosbot3_gazebo', 'rc': 0}
[0.393192] (-) EventReactorShutdown: {}
