[0.097s] DEBUG:colcon:Command line arguments: ['/usr/bin/colcon', 'build', '--symlink-install']
[0.097s] DEBUG:colcon:Parsed command line arguments: Namespace(log_base=None, log_level=None, verb_name='build', build_base='build', install_base='install', merge_install=False, symlink_install=True, test_result_base=None, continue_on_error=False, executor='parallel', parallel_workers=4, event_handlers=None, ignore_user_meta=False, metas=['./colcon.meta'], base_paths=['.'], packages_ignore=None, packages_ignore_regex=None, paths=None, packages_up_to=None, packages_up_to_regex=None, packages_above=None, packages_above_and_dependencies=None, packages_above_depth=None, packages_select_by_dep=None, packages_skip_by_dep=None, packages_skip_up_to=None, packages_select_build_failed=False, packages_skip_build_finished=False, packages_select_test_failures=False, packages_skip_test_passed=False, packages_select=None, packages_skip=None, packages_select_regex=None, packages_skip_regex=None, packages_start=None, packages_end=None, allow_overriding=[], cmake_args=None, cmake_target=None, cmake_target_skip_unavailable=False, cmake_clean_cache=False, cmake_clean_first=False, cmake_force_configure=False, ament_cmake_args=None, catkin_cmake_args=None, catkin_skip_building_tests=False, mixin_files=None, mixin=None, verb_parser=<colcon_mixin.mixin.mixin_argument.MixinArgumentDecorator object at 0x7c37f8c78730>, verb_extension=<colcon_core.verb.build.BuildVerb object at 0x7c37f8dea1a0>, main=<bound method BuildVerb.main of <colcon_core.verb.build.BuildVerb object at 0x7c37f8dea1a0>>, mixin_verb=('build',))
[0.223s] Level 1:colcon.colcon_core.package_discovery:discover_packages(colcon_meta) check parameters
[0.223s] Level 1:colcon.colcon_core.package_discovery:discover_packages(recursive) check parameters
[0.223s] Level 1:colcon.colcon_core.package_discovery:discover_packages(ignore) check parameters
[0.223s] Level 1:colcon.colcon_core.package_discovery:discover_packages(path) check parameters
[0.223s] Level 1:colcon.colcon_core.package_discovery:discover_packages(colcon_meta) discover
[0.223s] Level 1:colcon.colcon_core.package_discovery:discover_packages(recursive) discover
[0.223s] INFO:colcon.colcon_core.package_discovery:Crawling recursively for packages in '/home/user/ROS2AMR/docker/docker_environment/rosbot3_simulation'
[0.223s] Level 1:colcon.colcon_core.package_identification:_identify(.) by extensions ['ignore', 'ignore_ament_install']
[0.223s] Level 1:colcon.colcon_core.package_identification:_identify(.) by extension 'ignore'
[0.224s] Level 1:colcon.colcon_core.package_identification:_identify(.) by extension 'ignore_ament_install'
[0.224s] Level 1:colcon.colcon_core.package_identification:_identify(.) by extensions ['colcon_pkg']
[0.224s] Level 1:colcon.colcon_core.package_identification:_identify(.) by extension 'colcon_pkg'
[0.224s] Level 1:colcon.colcon_core.package_identification:_identify(.) by extensions ['colcon_meta']
[0.224s] Level 1:colcon.colcon_core.package_identification:_identify(.) by extension 'colcon_meta'
[0.224s] Level 1:colcon.colcon_core.package_identification:_identify(.) by extensions ['ros']
[0.224s] Level 1:colcon.colcon_core.package_identification:_identify(.) by extension 'ros'
[0.232s] Level 1:colcon.colcon_core.package_identification:_identify(.) by extensions ['cmake', 'python']
[0.233s] Level 1:colcon.colcon_core.package_identification:_identify(.) by extension 'cmake'
[0.233s] Level 1:colcon.colcon_core.package_identification:_identify(.) by extension 'python'
[0.233s] Level 1:colcon.colcon_core.package_identification:_identify(.) by extensions ['python_setup_py']
[0.233s] Level 1:colcon.colcon_core.package_identification:_identify(.) by extension 'python_setup_py'
[0.233s] Level 1:colcon.colcon_core.package_identification:_identify(build) by extensions ['ignore', 'ignore_ament_install']
[0.233s] Level 1:colcon.colcon_core.package_identification:_identify(build) by extension 'ignore'
[0.233s] Level 1:colcon.colcon_core.package_identification:_identify(build) ignored
[0.233s] Level 1:colcon.colcon_core.package_identification:_identify(install) by extensions ['ignore', 'ignore_ament_install']
[0.233s] Level 1:colcon.colcon_core.package_identification:_identify(install) by extension 'ignore'
[0.233s] Level 1:colcon.colcon_core.package_identification:_identify(install) ignored
[0.233s] Level 1:colcon.colcon_core.package_identification:_identify(log) by extensions ['ignore', 'ignore_ament_install']
[0.233s] Level 1:colcon.colcon_core.package_identification:_identify(log) by extension 'ignore'
[0.233s] Level 1:colcon.colcon_core.package_identification:_identify(log) ignored
[0.233s] Level 1:colcon.colcon_core.package_identification:_identify(src) by extensions ['ignore', 'ignore_ament_install']
[0.234s] Level 1:colcon.colcon_core.package_identification:_identify(src) by extension 'ignore'
[0.234s] Level 1:colcon.colcon_core.package_identification:_identify(src) by extension 'ignore_ament_install'
[0.234s] Level 1:colcon.colcon_core.package_identification:_identify(src) by extensions ['colcon_pkg']
[0.234s] Level 1:colcon.colcon_core.package_identification:_identify(src) by extension 'colcon_pkg'
[0.234s] Level 1:colcon.colcon_core.package_identification:_identify(src) by extensions ['colcon_meta']
[0.234s] Level 1:colcon.colcon_core.package_identification:_identify(src) by extension 'colcon_meta'
[0.234s] Level 1:colcon.colcon_core.package_identification:_identify(src) by extensions ['ros']
[0.234s] Level 1:colcon.colcon_core.package_identification:_identify(src) by extension 'ros'
[0.234s] Level 1:colcon.colcon_core.package_identification:_identify(src) by extensions ['cmake', 'python']
[0.234s] Level 1:colcon.colcon_core.package_identification:_identify(src) by extension 'cmake'
[0.234s] Level 1:colcon.colcon_core.package_identification:_identify(src) by extension 'python'
[0.234s] Level 1:colcon.colcon_core.package_identification:_identify(src) by extensions ['python_setup_py']
[0.234s] Level 1:colcon.colcon_core.package_identification:_identify(src) by extension 'python_setup_py'
[0.234s] Level 1:colcon.colcon_core.package_identification:_identify(src/ros_commons) by extensions ['ignore', 'ignore_ament_install']
[0.234s] Level 1:colcon.colcon_core.package_identification:_identify(src/ros_commons) by extension 'ignore'
[0.234s] Level 1:colcon.colcon_core.package_identification:_identify(src/ros_commons) by extension 'ignore_ament_install'
[0.234s] Level 1:colcon.colcon_core.package_identification:_identify(src/ros_commons) by extensions ['colcon_pkg']
[0.234s] Level 1:colcon.colcon_core.package_identification:_identify(src/ros_commons) by extension 'colcon_pkg'
[0.234s] Level 1:colcon.colcon_core.package_identification:_identify(src/ros_commons) by extensions ['colcon_meta']
[0.234s] Level 1:colcon.colcon_core.package_identification:_identify(src/ros_commons) by extension 'colcon_meta'
[0.234s] Level 1:colcon.colcon_core.package_identification:_identify(src/ros_commons) by extensions ['ros']
[0.234s] Level 1:colcon.colcon_core.package_identification:_identify(src/ros_commons) by extension 'ros'
[0.236s] DEBUG:colcon.colcon_core.package_identification:Package 'src/ros_commons' with type 'ros.catkin' and name 'ros_commons'
[0.236s] Level 1:colcon.colcon_core.package_identification:_identify(src/rosbot3_description) by extensions ['ignore', 'ignore_ament_install']
[0.236s] Level 1:colcon.colcon_core.package_identification:_identify(src/rosbot3_description) by extension 'ignore'
[0.236s] Level 1:colcon.colcon_core.package_identification:_identify(src/rosbot3_description) by extension 'ignore_ament_install'
[0.236s] Level 1:colcon.colcon_core.package_identification:_identify(src/rosbot3_description) by extensions ['colcon_pkg']
[0.236s] Level 1:colcon.colcon_core.package_identification:_identify(src/rosbot3_description) by extension 'colcon_pkg'
[0.236s] Level 1:colcon.colcon_core.package_identification:_identify(src/rosbot3_description) by extensions ['colcon_meta']
[0.236s] Level 1:colcon.colcon_core.package_identification:_identify(src/rosbot3_description) by extension 'colcon_meta'
[0.236s] Level 1:colcon.colcon_core.package_identification:_identify(src/rosbot3_description) by extensions ['ros']
[0.236s] Level 1:colcon.colcon_core.package_identification:_identify(src/rosbot3_description) by extension 'ros'
[0.237s] DEBUG:colcon.colcon_core.package_identification:Package 'src/rosbot3_description' with type 'ros.catkin' and name 'rosbot3_description'
[0.237s] Level 1:colcon.colcon_core.package_identification:_identify(src/rosbot3_gazebo) by extensions ['ignore', 'ignore_ament_install']
[0.237s] Level 1:colcon.colcon_core.package_identification:_identify(src/rosbot3_gazebo) by extension 'ignore'
[0.237s] Level 1:colcon.colcon_core.package_identification:_identify(src/rosbot3_gazebo) by extension 'ignore_ament_install'
[0.237s] Level 1:colcon.colcon_core.package_identification:_identify(src/rosbot3_gazebo) by extensions ['colcon_pkg']
[0.237s] Level 1:colcon.colcon_core.package_identification:_identify(src/rosbot3_gazebo) by extension 'colcon_pkg'
[0.237s] Level 1:colcon.colcon_core.package_identification:_identify(src/rosbot3_gazebo) by extensions ['colcon_meta']
[0.237s] Level 1:colcon.colcon_core.package_identification:_identify(src/rosbot3_gazebo) by extension 'colcon_meta'
[0.237s] Level 1:colcon.colcon_core.package_identification:_identify(src/rosbot3_gazebo) by extensions ['ros']
[0.237s] Level 1:colcon.colcon_core.package_identification:_identify(src/rosbot3_gazebo) by extension 'ros'
[0.238s] DEBUG:colcon.colcon_core.package_identification:Package 'src/rosbot3_gazebo' with type 'ros.catkin' and name 'rosbot3_gazebo'
[0.238s] Level 1:colcon.colcon_core.package_discovery:discover_packages(recursive) using defaults
[0.238s] Level 1:colcon.colcon_core.package_discovery:discover_packages(ignore) discover
[0.238s] Level 1:colcon.colcon_core.package_discovery:discover_packages(ignore) using defaults
[0.238s] Level 1:colcon.colcon_core.package_discovery:discover_packages(path) discover
[0.238s] Level 1:colcon.colcon_core.package_discovery:discover_packages(path) using defaults
[0.255s] Level 1:colcon.colcon_core.package_discovery:discover_packages(prefix_path) check parameters
[0.256s] Level 1:colcon.colcon_core.package_discovery:discover_packages(prefix_path) discover
[0.267s] DEBUG:colcon.colcon_installed_package_information.package_discovery:Found 323 installed packages in /opt/ros/humble
[0.268s] Level 1:colcon.colcon_core.package_discovery:discover_packages(prefix_path) using defaults
[0.315s] Level 5:colcon.colcon_core.verb:set package 'ros_commons' build argument 'cmake_args' from command line to 'None'
[0.315s] Level 5:colcon.colcon_core.verb:set package 'ros_commons' build argument 'cmake_target' from command line to 'None'
[0.315s] Level 5:colcon.colcon_core.verb:set package 'ros_commons' build argument 'cmake_target_skip_unavailable' from command line to 'False'
[0.315s] Level 5:colcon.colcon_core.verb:set package 'ros_commons' build argument 'cmake_clean_cache' from command line to 'False'
[0.315s] Level 5:colcon.colcon_core.verb:set package 'ros_commons' build argument 'cmake_clean_first' from command line to 'False'
[0.315s] Level 5:colcon.colcon_core.verb:set package 'ros_commons' build argument 'cmake_force_configure' from command line to 'False'
[0.315s] Level 5:colcon.colcon_core.verb:set package 'ros_commons' build argument 'ament_cmake_args' from command line to 'None'
[0.315s] Level 5:colcon.colcon_core.verb:set package 'ros_commons' build argument 'catkin_cmake_args' from command line to 'None'
[0.315s] Level 5:colcon.colcon_core.verb:set package 'ros_commons' build argument 'catkin_skip_building_tests' from command line to 'False'
[0.315s] DEBUG:colcon.colcon_core.verb:Building package 'ros_commons' with the following arguments: {'ament_cmake_args': None, 'build_base': '/home/user/ROS2AMR/docker/docker_environment/rosbot3_simulation/build/ros_commons', 'catkin_cmake_args': None, 'catkin_skip_building_tests': False, 'cmake_args': None, 'cmake_clean_cache': False, 'cmake_clean_first': False, 'cmake_force_configure': False, 'cmake_target': None, 'cmake_target_skip_unavailable': False, 'install_base': '/home/user/ROS2AMR/docker/docker_environment/rosbot3_simulation/install/ros_commons', 'merge_install': False, 'path': '/home/user/ROS2AMR/docker/docker_environment/rosbot3_simulation/src/ros_commons', 'symlink_install': True, 'test_result_base': None}
[0.316s] Level 5:colcon.colcon_core.verb:set package 'rosbot3_description' build argument 'cmake_args' from command line to 'None'
[0.316s] Level 5:colcon.colcon_core.verb:set package 'rosbot3_description' build argument 'cmake_target' from command line to 'None'
[0.316s] Level 5:colcon.colcon_core.verb:set package 'rosbot3_description' build argument 'cmake_target_skip_unavailable' from command line to 'False'
[0.316s] Level 5:colcon.colcon_core.verb:set package 'rosbot3_description' build argument 'cmake_clean_cache' from command line to 'False'
[0.316s] Level 5:colcon.colcon_core.verb:set package 'rosbot3_description' build argument 'cmake_clean_first' from command line to 'False'
[0.316s] Level 5:colcon.colcon_core.verb:set package 'rosbot3_description' build argument 'cmake_force_configure' from command line to 'False'
[0.316s] Level 5:colcon.colcon_core.verb:set package 'rosbot3_description' build argument 'ament_cmake_args' from command line to 'None'
[0.316s] Level 5:colcon.colcon_core.verb:set package 'rosbot3_description' build argument 'catkin_cmake_args' from command line to 'None'
[0.316s] Level 5:colcon.colcon_core.verb:set package 'rosbot3_description' build argument 'catkin_skip_building_tests' from command line to 'False'
[0.316s] DEBUG:colcon.colcon_core.verb:Building package 'rosbot3_description' with the following arguments: {'ament_cmake_args': None, 'build_base': '/home/user/ROS2AMR/docker/docker_environment/rosbot3_simulation/build/rosbot3_description', 'catkin_cmake_args': None, 'catkin_skip_building_tests': False, 'cmake_args': None, 'cmake_clean_cache': False, 'cmake_clean_first': False, 'cmake_force_configure': False, 'cmake_target': None, 'cmake_target_skip_unavailable': False, 'install_base': '/home/user/ROS2AMR/docker/docker_environment/rosbot3_simulation/install/rosbot3_description', 'merge_install': False, 'path': '/home/user/ROS2AMR/docker/docker_environment/rosbot3_simulation/src/rosbot3_description', 'symlink_install': True, 'test_result_base': None}
[0.316s] Level 5:colcon.colcon_core.verb:set package 'rosbot3_gazebo' build argument 'cmake_args' from command line to 'None'
[0.316s] Level 5:colcon.colcon_core.verb:set package 'rosbot3_gazebo' build argument 'cmake_target' from command line to 'None'
[0.316s] Level 5:colcon.colcon_core.verb:set package 'rosbot3_gazebo' build argument 'cmake_target_skip_unavailable' from command line to 'False'
[0.316s] Level 5:colcon.colcon_core.verb:set package 'rosbot3_gazebo' build argument 'cmake_clean_cache' from command line to 'False'
[0.316s] Level 5:colcon.colcon_core.verb:set package 'rosbot3_gazebo' build argument 'cmake_clean_first' from command line to 'False'
[0.316s] Level 5:colcon.colcon_core.verb:set package 'rosbot3_gazebo' build argument 'cmake_force_configure' from command line to 'False'
[0.316s] Level 5:colcon.colcon_core.verb:set package 'rosbot3_gazebo' build argument 'ament_cmake_args' from command line to 'None'
[0.316s] Level 5:colcon.colcon_core.verb:set package 'rosbot3_gazebo' build argument 'catkin_cmake_args' from command line to 'None'
[0.316s] Level 5:colcon.colcon_core.verb:set package 'rosbot3_gazebo' build argument 'catkin_skip_building_tests' from command line to 'False'
[0.316s] DEBUG:colcon.colcon_core.verb:Building package 'rosbot3_gazebo' with the following arguments: {'ament_cmake_args': None, 'build_base': '/home/user/ROS2AMR/docker/docker_environment/rosbot3_simulation/build/rosbot3_gazebo', 'catkin_cmake_args': None, 'catkin_skip_building_tests': False, 'cmake_args': None, 'cmake_clean_cache': False, 'cmake_clean_first': False, 'cmake_force_configure': False, 'cmake_target': None, 'cmake_target_skip_unavailable': False, 'install_base': '/home/user/ROS2AMR/docker/docker_environment/rosbot3_simulation/install/rosbot3_gazebo', 'merge_install': False, 'path': '/home/user/ROS2AMR/docker/docker_environment/rosbot3_simulation/src/rosbot3_gazebo', 'symlink_install': True, 'test_result_base': None}
[0.317s] INFO:colcon.colcon_core.executor:Executing jobs using 'parallel' executor
[0.318s] DEBUG:colcon.colcon_parallel_executor.executor.parallel:run_until_complete
[0.318s] INFO:colcon.colcon_ros.task.catkin.build:Building ROS package in '/home/user/ROS2AMR/docker/docker_environment/rosbot3_simulation/src/ros_commons' with build type 'catkin'
[0.318s] INFO:colcon.colcon_cmake.task.cmake.build:Building CMake package in '/home/user/ROS2AMR/docker/docker_environment/rosbot3_simulation/src/ros_commons'
[0.320s] INFO:colcon.colcon_core.plugin_system:Skipping extension 'colcon_core.shell.bat': Not used on non-Windows systems
[0.321s] INFO:colcon.colcon_core.shell:Skip shell extension 'powershell' for command environment: Not usable outside of PowerShell
[0.321s] DEBUG:colcon.colcon_core.shell:Skip shell extension 'dsv' for command environment
[0.325s] INFO:colcon.colcon_ros.task.catkin.build:Building ROS package in '/home/user/ROS2AMR/docker/docker_environment/rosbot3_simulation/src/rosbot3_description' with build type 'catkin'
[0.325s] INFO:colcon.colcon_cmake.task.cmake.build:Building CMake package in '/home/user/ROS2AMR/docker/docker_environment/rosbot3_simulation/src/rosbot3_description'
[0.325s] INFO:colcon.colcon_core.shell:Skip shell extension 'powershell' for command environment: Not usable outside of PowerShell
[0.326s] DEBUG:colcon.colcon_core.shell:Skip shell extension 'dsv' for command environment
[0.330s] INFO:colcon.colcon_ros.task.catkin.build:Building ROS package in '/home/user/ROS2AMR/docker/docker_environment/rosbot3_simulation/src/rosbot3_gazebo' with build type 'catkin'
[0.331s] INFO:colcon.colcon_cmake.task.cmake.build:Building CMake package in '/home/user/ROS2AMR/docker/docker_environment/rosbot3_simulation/src/rosbot3_gazebo'
[0.331s] INFO:colcon.colcon_core.shell:Skip shell extension 'powershell' for command environment: Not usable outside of PowerShell
[0.331s] DEBUG:colcon.colcon_core.shell:Skip shell extension 'dsv' for command environment
[0.340s] DEBUG:colcon.colcon_core.event_handler.log_command:Invoking command in '/home/user/ROS2AMR/docker/docker_environment/rosbot3_simulation/build/ros_commons': PS1=(ros2) [\u@\h:\W]\$ VIRTUAL_ENV_PROMPT=(ros2) /usr/bin/cmake --build /home/user/ROS2AMR/docker/docker_environment/rosbot3_simulation/build/ros_commons -- -j4 -l4
[0.347s] DEBUG:colcon.colcon_core.event_handler.log_command:Invoking command in '/home/user/ROS2AMR/docker/docker_environment/rosbot3_simulation/build/rosbot3_description': PS1=(ros2) [\u@\h:\W]\$ VIRTUAL_ENV_PROMPT=(ros2) /usr/bin/cmake --build /home/user/ROS2AMR/docker/docker_environment/rosbot3_simulation/build/rosbot3_description -- -j4 -l4
[0.354s] DEBUG:colcon.colcon_core.event_handler.log_command:Invoking command in '/home/user/ROS2AMR/docker/docker_environment/rosbot3_simulation/build/rosbot3_gazebo': PS1=(ros2) [\u@\h:\W]\$ VIRTUAL_ENV_PROMPT=(ros2) /usr/bin/cmake /home/user/ROS2AMR/docker/docker_environment/rosbot3_simulation/src/rosbot3_gazebo -DCATKIN_INSTALL_INTO_PREFIX_ROOT=0 -DCATKIN_SYMLINK_INSTALL=ON -DCMAKE_INSTALL_PREFIX=/home/user/ROS2AMR/docker/docker_environment/rosbot3_simulation/install/rosbot3_gazebo
[0.385s] DEBUG:colcon.colcon_core.event_handler.log_command:Invoked command in '/home/user/ROS2AMR/docker/docker_environment/rosbot3_simulation/build/rosbot3_description' returned '0': PS1=(ros2) [\u@\h:\W]\$ VIRTUAL_ENV_PROMPT=(ros2) /usr/bin/cmake --build /home/user/ROS2AMR/docker/docker_environment/rosbot3_simulation/build/rosbot3_description -- -j4 -l4
[0.394s] DEBUG:colcon.colcon_core.event_handler.log_command:Invoking command in '/home/user/ROS2AMR/docker/docker_environment/rosbot3_simulation/build/rosbot3_description': PS1=(ros2) [\u@\h:\W]\$ VIRTUAL_ENV_PROMPT=(ros2) /usr/bin/cmake --install /home/user/ROS2AMR/docker/docker_environment/rosbot3_simulation/build/rosbot3_description
[0.395s] DEBUG:colcon.colcon_core.event_handler.log_command:Invoked command in '/home/user/ROS2AMR/docker/docker_environment/rosbot3_simulation/build/ros_commons' returned '0': PS1=(ros2) [\u@\h:\W]\$ VIRTUAL_ENV_PROMPT=(ros2) /usr/bin/cmake --build /home/user/ROS2AMR/docker/docker_environment/rosbot3_simulation/build/ros_commons -- -j4 -l4
[0.398s] DEBUG:colcon.colcon_core.event_handler.log_command:Invoking command in '/home/user/ROS2AMR/docker/docker_environment/rosbot3_simulation/build/ros_commons': PS1=(ros2) [\u@\h:\W]\$ VIRTUAL_ENV_PROMPT=(ros2) /usr/bin/cmake --install /home/user/ROS2AMR/docker/docker_environment/rosbot3_simulation/build/ros_commons
[0.407s] Level 1:colcon.colcon_core.shell:create_environment_hook('rosbot3_description', 'ros_package_path')
[0.407s] INFO:colcon.colcon_core.shell:Creating environment hook '/home/user/ROS2AMR/docker/docker_environment/rosbot3_simulation/install/rosbot3_description/share/rosbot3_description/hook/ros_package_path.ps1'
[0.408s] INFO:colcon.colcon_core.shell:Creating environment descriptor '/home/user/ROS2AMR/docker/docker_environment/rosbot3_simulation/install/rosbot3_description/share/rosbot3_description/hook/ros_package_path.dsv'
[0.411s] INFO:colcon.colcon_core.shell:Creating environment hook '/home/user/ROS2AMR/docker/docker_environment/rosbot3_simulation/install/rosbot3_description/share/rosbot3_description/hook/ros_package_path.sh'
[0.411s] DEBUG:colcon.colcon_core.event_handler.log_command:Invoked command in '/home/user/ROS2AMR/docker/docker_environment/rosbot3_simulation/build/rosbot3_description' returned '0': PS1=(ros2) [\u@\h:\W]\$ VIRTUAL_ENV_PROMPT=(ros2) /usr/bin/cmake --install /home/user/ROS2AMR/docker/docker_environment/rosbot3_simulation/build/rosbot3_description
[0.417s] Level 1:colcon.colcon_core.shell:create_environment_hook('rosbot3_description', 'pkg_config_path')
[0.418s] INFO:colcon.colcon_core.shell:Creating environment hook '/home/user/ROS2AMR/docker/docker_environment/rosbot3_simulation/install/rosbot3_description/share/rosbot3_description/hook/pkg_config_path.ps1'
[0.419s] INFO:colcon.colcon_core.shell:Creating environment descriptor '/home/user/ROS2AMR/docker/docker_environment/rosbot3_simulation/install/rosbot3_description/share/rosbot3_description/hook/pkg_config_path.dsv'
[0.419s] INFO:colcon.colcon_core.shell:Creating environment hook '/home/user/ROS2AMR/docker/docker_environment/rosbot3_simulation/install/rosbot3_description/share/rosbot3_description/hook/pkg_config_path.sh'
[0.423s] Level 1:colcon.colcon_core.shell:create_environment_hook('rosbot3_description', 'pkg_config_path_multiarch')
[0.424s] INFO:colcon.colcon_core.shell:Creating environment hook '/home/user/ROS2AMR/docker/docker_environment/rosbot3_simulation/install/rosbot3_description/share/rosbot3_description/hook/pkg_config_path_multiarch.ps1'
[0.426s] INFO:colcon.colcon_core.shell:Creating environment descriptor '/home/user/ROS2AMR/docker/docker_environment/rosbot3_simulation/install/rosbot3_description/share/rosbot3_description/hook/pkg_config_path_multiarch.dsv'
[0.426s] INFO:colcon.colcon_core.shell:Creating environment hook '/home/user/ROS2AMR/docker/docker_environment/rosbot3_simulation/install/rosbot3_description/share/rosbot3_description/hook/pkg_config_path_multiarch.sh'
[0.428s] Level 1:colcon.colcon_core.environment:create_environment_scripts_only(rosbot3_description)
[0.432s] Level 1:colcon.colcon_core.environment:checking '/home/user/ROS2AMR/docker/docker_environment/rosbot3_simulation/install/rosbot3_description' for CMake module files
[0.435s] Level 1:colcon.colcon_core.environment:checking '/home/user/ROS2AMR/docker/docker_environment/rosbot3_simulation/install/rosbot3_description' for CMake config files
[0.437s] Level 1:colcon.colcon_core.shell:create_environment_hook('rosbot3_description', 'cmake_prefix_path')
[0.437s] INFO:colcon.colcon_core.shell:Creating environment hook '/home/user/ROS2AMR/docker/docker_environment/rosbot3_simulation/install/rosbot3_description/share/rosbot3_description/hook/cmake_prefix_path.ps1'
[0.438s] INFO:colcon.colcon_core.shell:Creating environment descriptor '/home/user/ROS2AMR/docker/docker_environment/rosbot3_simulation/install/rosbot3_description/share/rosbot3_description/hook/cmake_prefix_path.dsv'
[0.439s] INFO:colcon.colcon_core.shell:Creating environment hook '/home/user/ROS2AMR/docker/docker_environment/rosbot3_simulation/install/rosbot3_description/share/rosbot3_description/hook/cmake_prefix_path.sh'
[0.440s] Level 1:colcon.colcon_core.environment:checking '/home/user/ROS2AMR/docker/docker_environment/rosbot3_simulation/install/rosbot3_description/bin'
[0.440s] Level 1:colcon.colcon_core.environment:checking '/home/user/ROS2AMR/docker/docker_environment/rosbot3_simulation/install/rosbot3_description/lib/pkgconfig/rosbot3_description.pc'
[0.440s] Level 1:colcon.colcon_core.environment:checking '/home/user/ROS2AMR/docker/docker_environment/rosbot3_simulation/install/rosbot3_description/lib/python3.10/site-packages'
[0.440s] Level 1:colcon.colcon_core.environment:checking '/home/user/ROS2AMR/docker/docker_environment/rosbot3_simulation/install/rosbot3_description/bin'
[0.441s] INFO:colcon.colcon_core.shell:Creating package script '/home/user/ROS2AMR/docker/docker_environment/rosbot3_simulation/install/rosbot3_description/share/rosbot3_description/package.ps1'
[0.442s] INFO:colcon.colcon_core.shell:Creating package descriptor '/home/user/ROS2AMR/docker/docker_environment/rosbot3_simulation/install/rosbot3_description/share/rosbot3_description/package.dsv'
[0.443s] INFO:colcon.colcon_core.shell:Creating package script '/home/user/ROS2AMR/docker/docker_environment/rosbot3_simulation/install/rosbot3_description/share/rosbot3_description/package.sh'
[0.444s] INFO:colcon.colcon_core.shell:Creating package script '/home/user/ROS2AMR/docker/docker_environment/rosbot3_simulation/install/rosbot3_description/share/rosbot3_description/package.bash'
[0.445s] INFO:colcon.colcon_core.shell:Creating package script '/home/user/ROS2AMR/docker/docker_environment/rosbot3_simulation/install/rosbot3_description/share/rosbot3_description/package.zsh'
[0.446s] Level 1:colcon.colcon_core.environment:create_file_with_runtime_dependencies(/home/user/ROS2AMR/docker/docker_environment/rosbot3_simulation/install/rosbot3_description/share/colcon-core/packages/rosbot3_description)
[0.449s] Level 1:colcon.colcon_core.shell:create_environment_hook('ros_commons', 'ros_package_path')
[0.450s] INFO:colcon.colcon_core.shell:Creating environment hook '/home/user/ROS2AMR/docker/docker_environment/rosbot3_simulation/install/ros_commons/share/ros_commons/hook/ros_package_path.ps1'
[0.450s] INFO:colcon.colcon_core.shell:Creating environment descriptor '/home/user/ROS2AMR/docker/docker_environment/rosbot3_simulation/install/ros_commons/share/ros_commons/hook/ros_package_path.dsv'
[0.451s] INFO:colcon.colcon_core.shell:Creating environment hook '/home/user/ROS2AMR/docker/docker_environment/rosbot3_simulation/install/ros_commons/share/ros_commons/hook/ros_package_path.sh'
[0.451s] Level 1:colcon.colcon_core.shell:create_environment_hook('ros_commons', 'pkg_config_path')
[0.452s] INFO:colcon.colcon_core.shell:Creating environment hook '/home/user/ROS2AMR/docker/docker_environment/rosbot3_simulation/install/ros_commons/share/ros_commons/hook/pkg_config_path.ps1'
[0.452s] INFO:colcon.colcon_core.shell:Creating environment descriptor '/home/user/ROS2AMR/docker/docker_environment/rosbot3_simulation/install/ros_commons/share/ros_commons/hook/pkg_config_path.dsv'
[0.453s] INFO:colcon.colcon_core.shell:Creating environment hook '/home/user/ROS2AMR/docker/docker_environment/rosbot3_simulation/install/ros_commons/share/ros_commons/hook/pkg_config_path.sh'
[0.453s] DEBUG:colcon.colcon_core.event_handler.log_command:Invoked command in '/home/user/ROS2AMR/docker/docker_environment/rosbot3_simulation/build/ros_commons' returned '0': PS1=(ros2) [\u@\h:\W]\$ VIRTUAL_ENV_PROMPT=(ros2) /usr/bin/cmake --install /home/user/ROS2AMR/docker/docker_environment/rosbot3_simulation/build/ros_commons
[0.454s] Level 1:colcon.colcon_core.shell:create_environment_hook('ros_commons', 'pkg_config_path_multiarch')
[0.454s] INFO:colcon.colcon_core.shell:Creating environment hook '/home/user/ROS2AMR/docker/docker_environment/rosbot3_simulation/install/ros_commons/share/ros_commons/hook/pkg_config_path_multiarch.ps1'
[0.454s] INFO:colcon.colcon_core.shell:Creating environment descriptor '/home/user/ROS2AMR/docker/docker_environment/rosbot3_simulation/install/ros_commons/share/ros_commons/hook/pkg_config_path_multiarch.dsv'
[0.455s] INFO:colcon.colcon_core.shell:Creating environment hook '/home/user/ROS2AMR/docker/docker_environment/rosbot3_simulation/install/ros_commons/share/ros_commons/hook/pkg_config_path_multiarch.sh'
[0.456s] Level 1:colcon.colcon_core.environment:create_environment_scripts_only(ros_commons)
[0.456s] Level 1:colcon.colcon_core.environment:checking '/home/user/ROS2AMR/docker/docker_environment/rosbot3_simulation/install/ros_commons' for CMake module files
[0.457s] Level 1:colcon.colcon_core.environment:checking '/home/user/ROS2AMR/docker/docker_environment/rosbot3_simulation/install/ros_commons' for CMake config files
[0.457s] Level 1:colcon.colcon_core.shell:create_environment_hook('ros_commons', 'cmake_prefix_path')
[0.458s] INFO:colcon.colcon_core.shell:Creating environment hook '/home/user/ROS2AMR/docker/docker_environment/rosbot3_simulation/install/ros_commons/share/ros_commons/hook/cmake_prefix_path.ps1'
[0.459s] INFO:colcon.colcon_core.shell:Creating environment descriptor '/home/user/ROS2AMR/docker/docker_environment/rosbot3_simulation/install/ros_commons/share/ros_commons/hook/cmake_prefix_path.dsv'
[0.460s] INFO:colcon.colcon_core.shell:Creating environment hook '/home/user/ROS2AMR/docker/docker_environment/rosbot3_simulation/install/ros_commons/share/ros_commons/hook/cmake_prefix_path.sh'
[0.462s] Level 1:colcon.colcon_core.environment:checking '/home/user/ROS2AMR/docker/docker_environment/rosbot3_simulation/install/ros_commons/bin'
[0.462s] Level 1:colcon.colcon_core.environment:checking '/home/user/ROS2AMR/docker/docker_environment/rosbot3_simulation/install/ros_commons/lib/pkgconfig/ros_commons.pc'
[0.462s] Level 1:colcon.colcon_core.environment:checking '/home/user/ROS2AMR/docker/docker_environment/rosbot3_simulation/install/ros_commons/lib/python3.10/site-packages'
[0.462s] Level 1:colcon.colcon_core.environment:checking '/home/user/ROS2AMR/docker/docker_environment/rosbot3_simulation/install/ros_commons/bin'
[0.463s] INFO:colcon.colcon_core.shell:Creating package script '/home/user/ROS2AMR/docker/docker_environment/rosbot3_simulation/install/ros_commons/share/ros_commons/package.ps1'
[0.464s] INFO:colcon.colcon_core.shell:Creating package descriptor '/home/user/ROS2AMR/docker/docker_environment/rosbot3_simulation/install/ros_commons/share/ros_commons/package.dsv'
[0.464s] INFO:colcon.colcon_core.shell:Creating package script '/home/user/ROS2AMR/docker/docker_environment/rosbot3_simulation/install/ros_commons/share/ros_commons/package.sh'
[0.465s] INFO:colcon.colcon_core.shell:Creating package script '/home/user/ROS2AMR/docker/docker_environment/rosbot3_simulation/install/ros_commons/share/ros_commons/package.bash'
[0.465s] INFO:colcon.colcon_core.shell:Creating package script '/home/user/ROS2AMR/docker/docker_environment/rosbot3_simulation/install/ros_commons/share/ros_commons/package.zsh'
[0.466s] Level 1:colcon.colcon_core.environment:create_file_with_runtime_dependencies(/home/user/ROS2AMR/docker/docker_environment/rosbot3_simulation/install/ros_commons/share/colcon-core/packages/ros_commons)
[0.625s] DEBUG:colcon.colcon_core.event_handler.log_command:Invoked command in '/home/user/ROS2AMR/docker/docker_environment/rosbot3_simulation/build/rosbot3_gazebo' returned '0': PS1=(ros2) [\u@\h:\W]\$ VIRTUAL_ENV_PROMPT=(ros2) /usr/bin/cmake /home/user/ROS2AMR/docker/docker_environment/rosbot3_simulation/src/rosbot3_gazebo -DCATKIN_INSTALL_INTO_PREFIX_ROOT=0 -DCATKIN_SYMLINK_INSTALL=ON -DCMAKE_INSTALL_PREFIX=/home/user/ROS2AMR/docker/docker_environment/rosbot3_simulation/install/rosbot3_gazebo
[0.626s] DEBUG:colcon.colcon_core.event_handler.log_command:Invoking command in '/home/user/ROS2AMR/docker/docker_environment/rosbot3_simulation/build/rosbot3_gazebo': PS1=(ros2) [\u@\h:\W]\$ VIRTUAL_ENV_PROMPT=(ros2) /usr/bin/cmake --build /home/user/ROS2AMR/docker/docker_environment/rosbot3_simulation/build/rosbot3_gazebo -- -j4 -l4
[0.665s] DEBUG:colcon.colcon_core.event_handler.log_command:Invoked command in '/home/user/ROS2AMR/docker/docker_environment/rosbot3_simulation/build/rosbot3_gazebo' returned '0': PS1=(ros2) [\u@\h:\W]\$ VIRTUAL_ENV_PROMPT=(ros2) /usr/bin/cmake --build /home/user/ROS2AMR/docker/docker_environment/rosbot3_simulation/build/rosbot3_gazebo -- -j4 -l4
[0.666s] DEBUG:colcon.colcon_core.event_handler.log_command:Invoking command in '/home/user/ROS2AMR/docker/docker_environment/rosbot3_simulation/build/rosbot3_gazebo': PS1=(ros2) [\u@\h:\W]\$ VIRTUAL_ENV_PROMPT=(ros2) /usr/bin/cmake --install /home/user/ROS2AMR/docker/docker_environment/rosbot3_simulation/build/rosbot3_gazebo
[0.691s] DEBUG:colcon.colcon_core.event_handler.log_command:Invoked command in '/home/user/ROS2AMR/docker/docker_environment/rosbot3_simulation/build/rosbot3_gazebo' returned '0': PS1=(ros2) [\u@\h:\W]\$ VIRTUAL_ENV_PROMPT=(ros2) /usr/bin/cmake --install /home/user/ROS2AMR/docker/docker_environment/rosbot3_simulation/build/rosbot3_gazebo
[0.691s] Level 1:colcon.colcon_core.shell:create_environment_hook('rosbot3_gazebo', 'ros_package_path')
[0.691s] INFO:colcon.colcon_core.shell:Creating environment hook '/home/user/ROS2AMR/docker/docker_environment/rosbot3_simulation/install/rosbot3_gazebo/share/rosbot3_gazebo/hook/ros_package_path.ps1'
[0.693s] INFO:colcon.colcon_core.shell:Creating environment descriptor '/home/user/ROS2AMR/docker/docker_environment/rosbot3_simulation/install/rosbot3_gazebo/share/rosbot3_gazebo/hook/ros_package_path.dsv'
[0.694s] INFO:colcon.colcon_core.shell:Creating environment hook '/home/user/ROS2AMR/docker/docker_environment/rosbot3_simulation/install/rosbot3_gazebo/share/rosbot3_gazebo/hook/ros_package_path.sh'
[0.694s] Level 1:colcon.colcon_core.shell:create_environment_hook('rosbot3_gazebo', 'pkg_config_path')
[0.695s] INFO:colcon.colcon_core.shell:Creating environment hook '/home/user/ROS2AMR/docker/docker_environment/rosbot3_simulation/install/rosbot3_gazebo/share/rosbot3_gazebo/hook/pkg_config_path.ps1'
[0.695s] INFO:colcon.colcon_core.shell:Creating environment descriptor '/home/user/ROS2AMR/docker/docker_environment/rosbot3_simulation/install/rosbot3_gazebo/share/rosbot3_gazebo/hook/pkg_config_path.dsv'
[0.695s] INFO:colcon.colcon_core.shell:Creating environment hook '/home/user/ROS2AMR/docker/docker_environment/rosbot3_simulation/install/rosbot3_gazebo/share/rosbot3_gazebo/hook/pkg_config_path.sh'
[0.696s] Level 1:colcon.colcon_core.shell:create_environment_hook('rosbot3_gazebo', 'pkg_config_path_multiarch')
[0.696s] INFO:colcon.colcon_core.shell:Creating environment hook '/home/user/ROS2AMR/docker/docker_environment/rosbot3_simulation/install/rosbot3_gazebo/share/rosbot3_gazebo/hook/pkg_config_path_multiarch.ps1'
[0.697s] INFO:colcon.colcon_core.shell:Creating environment descriptor '/home/user/ROS2AMR/docker/docker_environment/rosbot3_simulation/install/rosbot3_gazebo/share/rosbot3_gazebo/hook/pkg_config_path_multiarch.dsv'
[0.697s] INFO:colcon.colcon_core.shell:Creating environment hook '/home/user/ROS2AMR/docker/docker_environment/rosbot3_simulation/install/rosbot3_gazebo/share/rosbot3_gazebo/hook/pkg_config_path_multiarch.sh'
[0.698s] Level 1:colcon.colcon_core.environment:create_environment_scripts_only(rosbot3_gazebo)
[0.698s] Level 1:colcon.colcon_core.environment:checking '/home/user/ROS2AMR/docker/docker_environment/rosbot3_simulation/install/rosbot3_gazebo' for CMake module files
[0.699s] Level 1:colcon.colcon_core.environment:checking '/home/user/ROS2AMR/docker/docker_environment/rosbot3_simulation/install/rosbot3_gazebo' for CMake config files
[0.699s] Level 1:colcon.colcon_core.shell:create_environment_hook('rosbot3_gazebo', 'cmake_prefix_path')
[0.699s] INFO:colcon.colcon_core.shell:Creating environment hook '/home/user/ROS2AMR/docker/docker_environment/rosbot3_simulation/install/rosbot3_gazebo/share/rosbot3_gazebo/hook/cmake_prefix_path.ps1'
[0.700s] INFO:colcon.colcon_core.shell:Creating environment descriptor '/home/user/ROS2AMR/docker/docker_environment/rosbot3_simulation/install/rosbot3_gazebo/share/rosbot3_gazebo/hook/cmake_prefix_path.dsv'
[0.700s] INFO:colcon.colcon_core.shell:Creating environment hook '/home/user/ROS2AMR/docker/docker_environment/rosbot3_simulation/install/rosbot3_gazebo/share/rosbot3_gazebo/hook/cmake_prefix_path.sh'
[0.700s] Level 1:colcon.colcon_core.environment:checking '/home/user/ROS2AMR/docker/docker_environment/rosbot3_simulation/install/rosbot3_gazebo/bin'
[0.701s] Level 1:colcon.colcon_core.environment:checking '/home/user/ROS2AMR/docker/docker_environment/rosbot3_simulation/install/rosbot3_gazebo/lib/pkgconfig/rosbot3_gazebo.pc'
[0.701s] Level 1:colcon.colcon_core.environment:checking '/home/user/ROS2AMR/docker/docker_environment/rosbot3_simulation/install/rosbot3_gazebo/lib/python3.10/site-packages'
[0.701s] Level 1:colcon.colcon_core.environment:checking '/home/user/ROS2AMR/docker/docker_environment/rosbot3_simulation/install/rosbot3_gazebo/bin'
[0.702s] INFO:colcon.colcon_core.shell:Creating package script '/home/user/ROS2AMR/docker/docker_environment/rosbot3_simulation/install/rosbot3_gazebo/share/rosbot3_gazebo/package.ps1'
[0.703s] INFO:colcon.colcon_core.shell:Creating package descriptor '/home/user/ROS2AMR/docker/docker_environment/rosbot3_simulation/install/rosbot3_gazebo/share/rosbot3_gazebo/package.dsv'
[0.704s] INFO:colcon.colcon_core.shell:Creating package script '/home/user/ROS2AMR/docker/docker_environment/rosbot3_simulation/install/rosbot3_gazebo/share/rosbot3_gazebo/package.sh'
[0.705s] INFO:colcon.colcon_core.shell:Creating package script '/home/user/ROS2AMR/docker/docker_environment/rosbot3_simulation/install/rosbot3_gazebo/share/rosbot3_gazebo/package.bash'
[0.706s] INFO:colcon.colcon_core.shell:Creating package script '/home/user/ROS2AMR/docker/docker_environment/rosbot3_simulation/install/rosbot3_gazebo/share/rosbot3_gazebo/package.zsh'
[0.706s] Level 1:colcon.colcon_core.environment:create_file_with_runtime_dependencies(/home/user/ROS2AMR/docker/docker_environment/rosbot3_simulation/install/rosbot3_gazebo/share/colcon-core/packages/rosbot3_gazebo)
[0.709s] DEBUG:colcon.colcon_parallel_executor.executor.parallel:closing loop
[0.710s] DEBUG:colcon.colcon_parallel_executor.executor.parallel:loop closed
[0.710s] DEBUG:colcon.colcon_parallel_executor.executor.parallel:run_until_complete finished with '0'
[0.710s] DEBUG:colcon.colcon_core.event_reactor:joining thread
[0.722s] INFO:colcon.colcon_core.plugin_system:Skipping extension 'colcon_notification.desktop_notification.notify_send': Could not find 'notify-send'
[0.722s] INFO:colcon.colcon_core.plugin_system:Skipping extension 'colcon_notification.desktop_notification.terminal_notifier': Not used on non-Darwin systems
[0.722s] INFO:colcon.colcon_core.plugin_system:Skipping extension 'colcon_notification.desktop_notification.win32': Not used on non-Windows systems
[0.722s] INFO:colcon.colcon_notification.desktop_notification:Sending desktop notification using 'notify2'
[0.732s] DEBUG:colcon.colcon_notification.desktop_notification.notify2:Failed to initialize notify2: org.freedesktop.DBus.Error.Spawn.ExecFailed: /usr/bin/dbus-launch terminated abnormally without any error message
[0.732s] DEBUG:colcon.colcon_core.event_reactor:joined thread
[0.733s] INFO:colcon.colcon_core.shell:Creating prefix script '/home/user/ROS2AMR/docker/docker_environment/rosbot3_simulation/install/local_setup.ps1'
[0.735s] INFO:colcon.colcon_core.shell:Creating prefix util module '/home/user/ROS2AMR/docker/docker_environment/rosbot3_simulation/install/_local_setup_util_ps1.py'
[0.738s] INFO:colcon.colcon_core.shell:Creating prefix chain script '/home/user/ROS2AMR/docker/docker_environment/rosbot3_simulation/install/setup.ps1'
[0.739s] INFO:colcon.colcon_core.shell:Creating prefix script '/home/user/ROS2AMR/docker/docker_environment/rosbot3_simulation/install/local_setup.sh'
[0.740s] INFO:colcon.colcon_core.shell:Creating prefix util module '/home/user/ROS2AMR/docker/docker_environment/rosbot3_simulation/install/_local_setup_util_sh.py'
[0.751s] INFO:colcon.colcon_core.shell:Creating prefix chain script '/home/user/ROS2AMR/docker/docker_environment/rosbot3_simulation/install/setup.sh'
[0.753s] INFO:colcon.colcon_core.shell:Creating prefix script '/home/user/ROS2AMR/docker/docker_environment/rosbot3_simulation/install/local_setup.bash'
[0.754s] INFO:colcon.colcon_core.shell:Creating prefix chain script '/home/user/ROS2AMR/docker/docker_environment/rosbot3_simulation/install/setup.bash'
[0.755s] INFO:colcon.colcon_core.shell:Creating prefix script '/home/user/ROS2AMR/docker/docker_environment/rosbot3_simulation/install/local_setup.zsh'
[0.756s] INFO:colcon.colcon_core.shell:Creating prefix chain script '/home/user/ROS2AMR/docker/docker_environment/rosbot3_simulation/install/setup.zsh'
