[0.013s] Invoking command in '/home/user/ROS2AMR/docker/docker_environment/rosbot3_simulation/build/rosbot3_description': PS1=(ros2) [\u@\h:\W]\$ VIRTUAL_ENV_PROMPT=(ros2) /usr/bin/cmake --build /home/user/ROS2AMR/docker/docker_environment/rosbot3_simulation/build/rosbot3_description -- -j4 -l4
[0.058s] Invoked command in '/home/user/ROS2AMR/docker/docker_environment/rosbot3_simulation/build/rosbot3_description' returned '0': PS1=(ros2) [\u@\h:\W]\$ VIRTUAL_ENV_PROMPT=(ros2) /usr/bin/cmake --build /home/user/ROS2AMR/docker/docker_environment/rosbot3_simulation/build/rosbot3_description -- -j4 -l4
[0.068s] Invoking command in '/home/user/ROS2AMR/docker/docker_environment/rosbot3_simulation/build/rosbot3_description': PS1=(ros2) [\u@\h:\W]\$ VIRTUAL_ENV_PROMPT=(ros2) /usr/bin/cmake --install /home/user/ROS2AMR/docker/docker_environment/rosbot3_simulation/build/rosbot3_description
[0.074s] -- Install configuration: ""
[0.076s] -- Installing: /home/user/ROS2AMR/docker/docker_environment/rosbot3_simulation/install/rosbot3_description/share/ament_index/resource_index/package_run_dependencies/rosbot3_description
[0.077s] -- Installing: /home/user/ROS2AMR/docker/docker_environment/rosbot3_simulation/install/rosbot3_description/share/ament_index/resource_index/parent_prefix_path/rosbot3_description
[0.078s] -- Installing: /home/user/ROS2AMR/docker/docker_environment/rosbot3_simulation/install/rosbot3_description/share/rosbot3_description/environment/ament_prefix_path.sh
[0.080s] -- Installing: /home/user/ROS2AMR/docker/docker_environment/rosbot3_simulation/install/rosbot3_description/share/rosbot3_description/environment/ament_prefix_path.dsv
[0.081s] -- Installing: /home/user/ROS2AMR/docker/docker_environment/rosbot3_simulation/install/rosbot3_description/share/rosbot3_description/environment/path.sh
[0.081s] -- Installing: /home/user/ROS2AMR/docker/docker_environment/rosbot3_simulation/install/rosbot3_description/share/rosbot3_description/environment/path.dsv
[0.081s] -- Installing: /home/user/ROS2AMR/docker/docker_environment/rosbot3_simulation/install/rosbot3_description/share/rosbot3_description/local_setup.bash
[0.082s] -- Installing: /home/user/ROS2AMR/docker/docker_environment/rosbot3_simulation/install/rosbot3_description/share/rosbot3_description/local_setup.sh
[0.083s] -- Installing: /home/user/ROS2AMR/docker/docker_environment/rosbot3_simulation/install/rosbot3_description/share/rosbot3_description/local_setup.zsh
[0.083s] -- Installing: /home/user/ROS2AMR/docker/docker_environment/rosbot3_simulation/install/rosbot3_description/share/rosbot3_description/local_setup.dsv
[0.083s] -- Installing: /home/user/ROS2AMR/docker/docker_environment/rosbot3_simulation/install/rosbot3_description/share/rosbot3_description/package.dsv
[0.083s] -- Installing: /home/user/ROS2AMR/docker/docker_environment/rosbot3_simulation/install/rosbot3_description/share/ament_index/resource_index/packages/rosbot3_description
[0.083s] -- Installing: /home/user/ROS2AMR/docker/docker_environment/rosbot3_simulation/install/rosbot3_description/share/rosbot3_description/cmake/rosbot3_descriptionConfig.cmake
[0.083s] -- Installing: /home/user/ROS2AMR/docker/docker_environment/rosbot3_simulation/install/rosbot3_description/share/rosbot3_description/cmake/rosbot3_descriptionConfig-version.cmake
[0.083s] -- Installing: /home/user/ROS2AMR/docker/docker_environment/rosbot3_simulation/install/rosbot3_description/share/rosbot3_description/package.xml
[0.085s] Invoked command in '/home/user/ROS2AMR/docker/docker_environment/rosbot3_simulation/build/rosbot3_description' returned '0': PS1=(ros2) [\u@\h:\W]\$ VIRTUAL_ENV_PROMPT=(ros2) /usr/bin/cmake --install /home/user/ROS2AMR/docker/docker_environment/rosbot3_simulation/build/rosbot3_description
