[0.024s] Invoking command in '/home/user/ROS2AMR/docker/docker_environment/rosbot3_simulation/build/ros_commons': PS1=(ros2) [\u@\h:\W]\$ VIRTUAL_ENV_PROMPT=(ros2) /usr/bin/cmake /home/user/ROS2AMR/docker/docker_environment/rosbot3_simulation/src/ros_commons -DCATKIN_INSTALL_INTO_PREFIX_ROOT=0 -DCATKIN_SYMLINK_INSTALL=ON -DCMAKE_INSTALL_PREFIX=/home/user/ROS2AMR/docker/docker_environment/rosbot3_simulation/install/ros_commons
[0.380s] -- The C compiler identification is GNU 11.4.0
[0.598s] -- The CXX compiler identification is GNU 11.4.0
[0.611s] -- Detecting C compiler ABI info
[0.720s] -- Detecting C compiler ABI info - done
[0.723s] -- Check for working C compiler: /usr/bin/cc - skipped
[0.725s] -- Detecting C compile features
[0.727s] -- Detecting C compile features - done
[0.736s] -- Detecting CXX compiler ABI info
[0.829s] -- Detecting CXX compiler ABI info - done
[0.845s] -- Check for working CXX compiler: /usr/bin/c++ - skipped
[0.847s] -- Detecting CXX compile features
[0.847s] -- Detecting CXX compile features - done
[0.881s] -- Found ament_cmake: 1.3.12 (/opt/ros/humble/share/ament_cmake/cmake)
[1.148s] -- Found Python3: /home/user/ros2/bin/python3 (found version "3.10.12") found components: Interpreter 
[1.365s] -- Configuring done
[1.377s] -- Generating done
[1.378s] [33mCMake Warning:
[1.378s]   Manually-specified variables were not used by the project:
[1.378s] 
[1.378s]     CATKIN_INSTALL_INTO_PREFIX_ROOT
[1.378s]     CATKIN_SYMLINK_INSTALL
[1.378s] 
[1.378s] [0m
[1.382s] -- Build files have been written to: /home/user/ROS2AMR/docker/docker_environment/rosbot3_simulation/build/ros_commons
