[0.089s] DEBUG:colcon:Command line arguments: ['/usr/bin/colcon', 'build', '--symlink-install']
[0.089s] DEBUG:colcon:Parsed command line arguments: Namespace(log_base=None, log_level=None, verb_name='build', build_base='build', install_base='install', merge_install=False, symlink_install=True, test_result_base=None, continue_on_error=False, executor='parallel', parallel_workers=4, event_handlers=None, ignore_user_meta=False, metas=['./colcon.meta'], base_paths=['.'], packages_ignore=None, packages_ignore_regex=None, paths=None, packages_up_to=None, packages_up_to_regex=None, packages_above=None, packages_above_and_dependencies=None, packages_above_depth=None, packages_select_by_dep=None, packages_skip_by_dep=None, packages_skip_up_to=None, packages_select_build_failed=False, packages_skip_build_finished=False, packages_select_test_failures=False, packages_skip_test_passed=False, packages_select=None, packages_skip=None, packages_select_regex=None, packages_skip_regex=None, packages_start=None, packages_end=None, allow_overriding=[], cmake_args=None, cmake_target=None, cmake_target_skip_unavailable=False, cmake_clean_cache=False, cmake_clean_first=False, cmake_force_configure=False, ament_cmake_args=None, catkin_cmake_args=None, catkin_skip_building_tests=False, mixin_files=None, mixin=None, verb_parser=<colcon_mixin.mixin.mixin_argument.MixinArgumentDecorator object at 0x7be7a7514730>, verb_extension=<colcon_core.verb.build.BuildVerb object at 0x7be7a768e1a0>, main=<bound method BuildVerb.main of <colcon_core.verb.build.BuildVerb object at 0x7be7a768e1a0>>, mixin_verb=('build',))
[0.229s] Level 1:colcon.colcon_core.package_discovery:discover_packages(colcon_meta) check parameters
[0.229s] Level 1:colcon.colcon_core.package_discovery:discover_packages(recursive) check parameters
[0.229s] Level 1:colcon.colcon_core.package_discovery:discover_packages(ignore) check parameters
[0.229s] Level 1:colcon.colcon_core.package_discovery:discover_packages(path) check parameters
[0.229s] Level 1:colcon.colcon_core.package_discovery:discover_packages(colcon_meta) discover
[0.229s] Level 1:colcon.colcon_core.package_discovery:discover_packages(recursive) discover
[0.229s] INFO:colcon.colcon_core.package_discovery:Crawling recursively for packages in '/home/user/ROS2AMR/docker/docker_environment/rosbot3_simulation'
[0.229s] Level 1:colcon.colcon_core.package_identification:_identify(.) by extensions ['ignore', 'ignore_ament_install']
[0.229s] Level 1:colcon.colcon_core.package_identification:_identify(.) by extension 'ignore'
[0.229s] Level 1:colcon.colcon_core.package_identification:_identify(.) by extension 'ignore_ament_install'
[0.229s] Level 1:colcon.colcon_core.package_identification:_identify(.) by extensions ['colcon_pkg']
[0.229s] Level 1:colcon.colcon_core.package_identification:_identify(.) by extension 'colcon_pkg'
[0.229s] Level 1:colcon.colcon_core.package_identification:_identify(.) by extensions ['colcon_meta']
[0.229s] Level 1:colcon.colcon_core.package_identification:_identify(.) by extension 'colcon_meta'
[0.229s] Level 1:colcon.colcon_core.package_identification:_identify(.) by extensions ['ros']
[0.229s] Level 1:colcon.colcon_core.package_identification:_identify(.) by extension 'ros'
[0.240s] Level 1:colcon.colcon_core.package_identification:_identify(.) by extensions ['cmake', 'python']
[0.240s] Level 1:colcon.colcon_core.package_identification:_identify(.) by extension 'cmake'
[0.240s] Level 1:colcon.colcon_core.package_identification:_identify(.) by extension 'python'
[0.240s] Level 1:colcon.colcon_core.package_identification:_identify(.) by extensions ['python_setup_py']
[0.240s] Level 1:colcon.colcon_core.package_identification:_identify(.) by extension 'python_setup_py'
[0.240s] Level 1:colcon.colcon_core.package_identification:_identify(build) by extensions ['ignore', 'ignore_ament_install']
[0.240s] Level 1:colcon.colcon_core.package_identification:_identify(build) by extension 'ignore'
[0.241s] Level 1:colcon.colcon_core.package_identification:_identify(build) ignored
[0.241s] Level 1:colcon.colcon_core.package_identification:_identify(install) by extensions ['ignore', 'ignore_ament_install']
[0.241s] Level 1:colcon.colcon_core.package_identification:_identify(install) by extension 'ignore'
[0.241s] Level 1:colcon.colcon_core.package_identification:_identify(install) ignored
[0.241s] Level 1:colcon.colcon_core.package_identification:_identify(log) by extensions ['ignore', 'ignore_ament_install']
[0.241s] Level 1:colcon.colcon_core.package_identification:_identify(log) by extension 'ignore'
[0.241s] Level 1:colcon.colcon_core.package_identification:_identify(log) ignored
[0.241s] Level 1:colcon.colcon_core.package_identification:_identify(src) by extensions ['ignore', 'ignore_ament_install']
[0.241s] Level 1:colcon.colcon_core.package_identification:_identify(src) by extension 'ignore'
[0.241s] Level 1:colcon.colcon_core.package_identification:_identify(src) by extension 'ignore_ament_install'
[0.241s] Level 1:colcon.colcon_core.package_identification:_identify(src) by extensions ['colcon_pkg']
[0.241s] Level 1:colcon.colcon_core.package_identification:_identify(src) by extension 'colcon_pkg'
[0.241s] Level 1:colcon.colcon_core.package_identification:_identify(src) by extensions ['colcon_meta']
[0.241s] Level 1:colcon.colcon_core.package_identification:_identify(src) by extension 'colcon_meta'
[0.241s] Level 1:colcon.colcon_core.package_identification:_identify(src) by extensions ['ros']
[0.241s] Level 1:colcon.colcon_core.package_identification:_identify(src) by extension 'ros'
[0.241s] Level 1:colcon.colcon_core.package_identification:_identify(src) by extensions ['cmake', 'python']
[0.241s] Level 1:colcon.colcon_core.package_identification:_identify(src) by extension 'cmake'
[0.242s] Level 1:colcon.colcon_core.package_identification:_identify(src) by extension 'python'
[0.242s] Level 1:colcon.colcon_core.package_identification:_identify(src) by extensions ['python_setup_py']
[0.242s] Level 1:colcon.colcon_core.package_identification:_identify(src) by extension 'python_setup_py'
[0.242s] Level 1:colcon.colcon_core.package_identification:_identify(src/ros_commons) by extensions ['ignore', 'ignore_ament_install']
[0.242s] Level 1:colcon.colcon_core.package_identification:_identify(src/ros_commons) by extension 'ignore'
[0.242s] Level 1:colcon.colcon_core.package_identification:_identify(src/ros_commons) by extension 'ignore_ament_install'
[0.242s] Level 1:colcon.colcon_core.package_identification:_identify(src/ros_commons) by extensions ['colcon_pkg']
[0.242s] Level 1:colcon.colcon_core.package_identification:_identify(src/ros_commons) by extension 'colcon_pkg'
[0.242s] Level 1:colcon.colcon_core.package_identification:_identify(src/ros_commons) by extensions ['colcon_meta']
[0.242s] Level 1:colcon.colcon_core.package_identification:_identify(src/ros_commons) by extension 'colcon_meta'
[0.242s] Level 1:colcon.colcon_core.package_identification:_identify(src/ros_commons) by extensions ['ros']
[0.242s] Level 1:colcon.colcon_core.package_identification:_identify(src/ros_commons) by extension 'ros'
[0.244s] DEBUG:colcon.colcon_core.package_identification:Package 'src/ros_commons' with type 'ros.catkin' and name 'ros_commons'
[0.244s] Level 1:colcon.colcon_core.package_identification:_identify(src/rosbot3_description) by extensions ['ignore', 'ignore_ament_install']
[0.244s] Level 1:colcon.colcon_core.package_identification:_identify(src/rosbot3_description) by extension 'ignore'
[0.244s] Level 1:colcon.colcon_core.package_identification:_identify(src/rosbot3_description) by extension 'ignore_ament_install'
[0.244s] Level 1:colcon.colcon_core.package_identification:_identify(src/rosbot3_description) by extensions ['colcon_pkg']
[0.244s] Level 1:colcon.colcon_core.package_identification:_identify(src/rosbot3_description) by extension 'colcon_pkg'
[0.244s] Level 1:colcon.colcon_core.package_identification:_identify(src/rosbot3_description) by extensions ['colcon_meta']
[0.244s] Level 1:colcon.colcon_core.package_identification:_identify(src/rosbot3_description) by extension 'colcon_meta'
[0.244s] Level 1:colcon.colcon_core.package_identification:_identify(src/rosbot3_description) by extensions ['ros']
[0.244s] Level 1:colcon.colcon_core.package_identification:_identify(src/rosbot3_description) by extension 'ros'
[0.245s] DEBUG:colcon.colcon_core.package_identification:Package 'src/rosbot3_description' with type 'ros.catkin' and name 'rosbot3_description'
[0.245s] Level 1:colcon.colcon_core.package_identification:_identify(src/rosbot3_gazebo) by extensions ['ignore', 'ignore_ament_install']
[0.245s] Level 1:colcon.colcon_core.package_identification:_identify(src/rosbot3_gazebo) by extension 'ignore'
[0.245s] Level 1:colcon.colcon_core.package_identification:_identify(src/rosbot3_gazebo) by extension 'ignore_ament_install'
[0.245s] Level 1:colcon.colcon_core.package_identification:_identify(src/rosbot3_gazebo) by extensions ['colcon_pkg']
[0.245s] Level 1:colcon.colcon_core.package_identification:_identify(src/rosbot3_gazebo) by extension 'colcon_pkg'
[0.245s] Level 1:colcon.colcon_core.package_identification:_identify(src/rosbot3_gazebo) by extensions ['colcon_meta']
[0.245s] Level 1:colcon.colcon_core.package_identification:_identify(src/rosbot3_gazebo) by extension 'colcon_meta'
[0.246s] Level 1:colcon.colcon_core.package_identification:_identify(src/rosbot3_gazebo) by extensions ['ros']
[0.246s] Level 1:colcon.colcon_core.package_identification:_identify(src/rosbot3_gazebo) by extension 'ros'
[0.246s] DEBUG:colcon.colcon_core.package_identification:Failed to parse potential ROS package manifest in'src/rosbot3_gazebo': Error(s) in package 'src/rosbot3_gazebo/package.xml':
The manifest contains invalid XML:
not well-formed (invalid token): line 1, column 1
[0.246s] Level 1:colcon.colcon_core.package_identification:_identify(src/rosbot3_gazebo) by extensions ['cmake', 'python']
[0.246s] Level 1:colcon.colcon_core.package_identification:_identify(src/rosbot3_gazebo) by extension 'cmake'
[0.247s] Level 1:colcon.colcon_core.package_identification:_identify(src/rosbot3_gazebo) by extension 'python'
[0.247s] DEBUG:colcon.colcon_core.package_identification:Package 'src/rosbot3_gazebo' with type 'cmake' and name 'rosbot3_gazebo'
[0.247s] Level 1:colcon.colcon_core.package_discovery:discover_packages(recursive) using defaults
[0.247s] Level 1:colcon.colcon_core.package_discovery:discover_packages(ignore) discover
[0.247s] Level 1:colcon.colcon_core.package_discovery:discover_packages(ignore) using defaults
[0.247s] Level 1:colcon.colcon_core.package_discovery:discover_packages(path) discover
[0.247s] Level 1:colcon.colcon_core.package_discovery:discover_packages(path) using defaults
[0.265s] Level 1:colcon.colcon_core.package_discovery:discover_packages(prefix_path) check parameters
[0.265s] Level 1:colcon.colcon_core.package_discovery:discover_packages(prefix_path) discover
[0.276s] DEBUG:colcon.colcon_installed_package_information.package_discovery:Found 323 installed packages in /opt/ros/humble
[0.277s] Level 1:colcon.colcon_core.package_discovery:discover_packages(prefix_path) using defaults
[0.321s] Level 5:colcon.colcon_core.verb:set package 'ros_commons' build argument 'cmake_args' from command line to 'None'
[0.321s] Level 5:colcon.colcon_core.verb:set package 'ros_commons' build argument 'cmake_target' from command line to 'None'
[0.321s] Level 5:colcon.colcon_core.verb:set package 'ros_commons' build argument 'cmake_target_skip_unavailable' from command line to 'False'
[0.321s] Level 5:colcon.colcon_core.verb:set package 'ros_commons' build argument 'cmake_clean_cache' from command line to 'False'
[0.321s] Level 5:colcon.colcon_core.verb:set package 'ros_commons' build argument 'cmake_clean_first' from command line to 'False'
[0.321s] Level 5:colcon.colcon_core.verb:set package 'ros_commons' build argument 'cmake_force_configure' from command line to 'False'
[0.322s] Level 5:colcon.colcon_core.verb:set package 'ros_commons' build argument 'ament_cmake_args' from command line to 'None'
[0.322s] Level 5:colcon.colcon_core.verb:set package 'ros_commons' build argument 'catkin_cmake_args' from command line to 'None'
[0.322s] Level 5:colcon.colcon_core.verb:set package 'ros_commons' build argument 'catkin_skip_building_tests' from command line to 'False'
[0.322s] DEBUG:colcon.colcon_core.verb:Building package 'ros_commons' with the following arguments: {'ament_cmake_args': None, 'build_base': '/home/user/ROS2AMR/docker/docker_environment/rosbot3_simulation/build/ros_commons', 'catkin_cmake_args': None, 'catkin_skip_building_tests': False, 'cmake_args': None, 'cmake_clean_cache': False, 'cmake_clean_first': False, 'cmake_force_configure': False, 'cmake_target': None, 'cmake_target_skip_unavailable': False, 'install_base': '/home/user/ROS2AMR/docker/docker_environment/rosbot3_simulation/install/ros_commons', 'merge_install': False, 'path': '/home/user/ROS2AMR/docker/docker_environment/rosbot3_simulation/src/ros_commons', 'symlink_install': True, 'test_result_base': None}
[0.322s] Level 5:colcon.colcon_core.verb:set package 'rosbot3_description' build argument 'cmake_args' from command line to 'None'
[0.322s] Level 5:colcon.colcon_core.verb:set package 'rosbot3_description' build argument 'cmake_target' from command line to 'None'
[0.322s] Level 5:colcon.colcon_core.verb:set package 'rosbot3_description' build argument 'cmake_target_skip_unavailable' from command line to 'False'
[0.322s] Level 5:colcon.colcon_core.verb:set package 'rosbot3_description' build argument 'cmake_clean_cache' from command line to 'False'
[0.322s] Level 5:colcon.colcon_core.verb:set package 'rosbot3_description' build argument 'cmake_clean_first' from command line to 'False'
[0.322s] Level 5:colcon.colcon_core.verb:set package 'rosbot3_description' build argument 'cmake_force_configure' from command line to 'False'
[0.322s] Level 5:colcon.colcon_core.verb:set package 'rosbot3_description' build argument 'ament_cmake_args' from command line to 'None'
[0.322s] Level 5:colcon.colcon_core.verb:set package 'rosbot3_description' build argument 'catkin_cmake_args' from command line to 'None'
[0.322s] Level 5:colcon.colcon_core.verb:set package 'rosbot3_description' build argument 'catkin_skip_building_tests' from command line to 'False'
[0.322s] DEBUG:colcon.colcon_core.verb:Building package 'rosbot3_description' with the following arguments: {'ament_cmake_args': None, 'build_base': '/home/user/ROS2AMR/docker/docker_environment/rosbot3_simulation/build/rosbot3_description', 'catkin_cmake_args': None, 'catkin_skip_building_tests': False, 'cmake_args': None, 'cmake_clean_cache': False, 'cmake_clean_first': False, 'cmake_force_configure': False, 'cmake_target': None, 'cmake_target_skip_unavailable': False, 'install_base': '/home/user/ROS2AMR/docker/docker_environment/rosbot3_simulation/install/rosbot3_description', 'merge_install': False, 'path': '/home/user/ROS2AMR/docker/docker_environment/rosbot3_simulation/src/rosbot3_description', 'symlink_install': True, 'test_result_base': None}
[0.322s] Level 5:colcon.colcon_core.verb:set package 'rosbot3_gazebo' build argument 'cmake_args' from command line to 'None'
[0.322s] Level 5:colcon.colcon_core.verb:set package 'rosbot3_gazebo' build argument 'cmake_target' from command line to 'None'
[0.322s] Level 5:colcon.colcon_core.verb:set package 'rosbot3_gazebo' build argument 'cmake_target_skip_unavailable' from command line to 'False'
[0.322s] Level 5:colcon.colcon_core.verb:set package 'rosbot3_gazebo' build argument 'cmake_clean_cache' from command line to 'False'
[0.322s] Level 5:colcon.colcon_core.verb:set package 'rosbot3_gazebo' build argument 'cmake_clean_first' from command line to 'False'
[0.323s] Level 5:colcon.colcon_core.verb:set package 'rosbot3_gazebo' build argument 'cmake_force_configure' from command line to 'False'
[0.323s] Level 5:colcon.colcon_core.verb:set package 'rosbot3_gazebo' build argument 'ament_cmake_args' from command line to 'None'
[0.323s] Level 5:colcon.colcon_core.verb:set package 'rosbot3_gazebo' build argument 'catkin_cmake_args' from command line to 'None'
[0.323s] Level 5:colcon.colcon_core.verb:set package 'rosbot3_gazebo' build argument 'catkin_skip_building_tests' from command line to 'False'
[0.323s] DEBUG:colcon.colcon_core.verb:Building package 'rosbot3_gazebo' with the following arguments: {'ament_cmake_args': None, 'build_base': '/home/user/ROS2AMR/docker/docker_environment/rosbot3_simulation/build/rosbot3_gazebo', 'catkin_cmake_args': None, 'catkin_skip_building_tests': False, 'cmake_args': None, 'cmake_clean_cache': False, 'cmake_clean_first': False, 'cmake_force_configure': False, 'cmake_target': None, 'cmake_target_skip_unavailable': False, 'install_base': '/home/user/ROS2AMR/docker/docker_environment/rosbot3_simulation/install/rosbot3_gazebo', 'merge_install': False, 'path': '/home/user/ROS2AMR/docker/docker_environment/rosbot3_simulation/src/rosbot3_gazebo', 'symlink_install': True, 'test_result_base': None}
[0.323s] INFO:colcon.colcon_core.executor:Executing jobs using 'parallel' executor
[0.324s] DEBUG:colcon.colcon_parallel_executor.executor.parallel:run_until_complete
[0.324s] INFO:colcon.colcon_ros.task.catkin.build:Building ROS package in '/home/user/ROS2AMR/docker/docker_environment/rosbot3_simulation/src/ros_commons' with build type 'catkin'
[0.324s] INFO:colcon.colcon_cmake.task.cmake.build:Building CMake package in '/home/user/ROS2AMR/docker/docker_environment/rosbot3_simulation/src/ros_commons'
[0.327s] INFO:colcon.colcon_core.plugin_system:Skipping extension 'colcon_core.shell.bat': Not used on non-Windows systems
[0.327s] INFO:colcon.colcon_core.shell:Skip shell extension 'powershell' for command environment: Not usable outside of PowerShell
[0.327s] DEBUG:colcon.colcon_core.shell:Skip shell extension 'dsv' for command environment
[0.331s] INFO:colcon.colcon_ros.task.catkin.build:Building ROS package in '/home/user/ROS2AMR/docker/docker_environment/rosbot3_simulation/src/rosbot3_description' with build type 'catkin'
[0.332s] INFO:colcon.colcon_cmake.task.cmake.build:Building CMake package in '/home/user/ROS2AMR/docker/docker_environment/rosbot3_simulation/src/rosbot3_description'
[0.332s] INFO:colcon.colcon_core.shell:Skip shell extension 'powershell' for command environment: Not usable outside of PowerShell
[0.332s] DEBUG:colcon.colcon_core.shell:Skip shell extension 'dsv' for command environment
[0.335s] INFO:colcon.colcon_cmake.task.cmake.build:Building CMake package in '/home/user/ROS2AMR/docker/docker_environment/rosbot3_simulation/src/rosbot3_gazebo'
[0.336s] INFO:colcon.colcon_core.shell:Skip shell extension 'powershell' for command environment: Not usable outside of PowerShell
[0.336s] DEBUG:colcon.colcon_core.shell:Skip shell extension 'dsv' for command environment
[0.343s] DEBUG:colcon.colcon_core.event_handler.log_command:Invoking command in '/home/user/ROS2AMR/docker/docker_environment/rosbot3_simulation/build/ros_commons': PS1=(ros2) [\u@\h:\W]\$ VIRTUAL_ENV_PROMPT=(ros2) /usr/bin/cmake --build /home/user/ROS2AMR/docker/docker_environment/rosbot3_simulation/build/ros_commons -- -j4 -l4
[0.345s] DEBUG:colcon.colcon_core.event_handler.log_command:Invoking command in '/home/user/ROS2AMR/docker/docker_environment/rosbot3_simulation/build/rosbot3_description': PS1=(ros2) [\u@\h:\W]\$ VIRTUAL_ENV_PROMPT=(ros2) /usr/bin/cmake --build /home/user/ROS2AMR/docker/docker_environment/rosbot3_simulation/build/rosbot3_description -- -j4 -l4
[0.356s] DEBUG:colcon.colcon_core.event_handler.log_command:Invoking command in '/home/user/ROS2AMR/docker/docker_environment/rosbot3_simulation/build/rosbot3_gazebo': PS1=(ros2) [\u@\h:\W]\$ VIRTUAL_ENV_PROMPT=(ros2) /usr/bin/cmake /home/user/ROS2AMR/docker/docker_environment/rosbot3_simulation/src/rosbot3_gazebo -DCMAKE_INSTALL_PREFIX=/home/user/ROS2AMR/docker/docker_environment/rosbot3_simulation/install/rosbot3_gazebo
[0.390s] DEBUG:colcon.colcon_core.event_handler.log_command:Invoked command in '/home/user/ROS2AMR/docker/docker_environment/rosbot3_simulation/build/rosbot3_description' returned '0': PS1=(ros2) [\u@\h:\W]\$ VIRTUAL_ENV_PROMPT=(ros2) /usr/bin/cmake --build /home/user/ROS2AMR/docker/docker_environment/rosbot3_simulation/build/rosbot3_description -- -j4 -l4
[0.401s] DEBUG:colcon.colcon_core.event_handler.log_command:Invoking command in '/home/user/ROS2AMR/docker/docker_environment/rosbot3_simulation/build/rosbot3_description': PS1=(ros2) [\u@\h:\W]\$ VIRTUAL_ENV_PROMPT=(ros2) /usr/bin/cmake --install /home/user/ROS2AMR/docker/docker_environment/rosbot3_simulation/build/rosbot3_description
[0.401s] DEBUG:colcon.colcon_core.event_handler.log_command:Invoked command in '/home/user/ROS2AMR/docker/docker_environment/rosbot3_simulation/build/ros_commons' returned '0': PS1=(ros2) [\u@\h:\W]\$ VIRTUAL_ENV_PROMPT=(ros2) /usr/bin/cmake --build /home/user/ROS2AMR/docker/docker_environment/rosbot3_simulation/build/ros_commons -- -j4 -l4
[0.403s] DEBUG:colcon.colcon_core.event_handler.log_command:Invoking command in '/home/user/ROS2AMR/docker/docker_environment/rosbot3_simulation/build/ros_commons': PS1=(ros2) [\u@\h:\W]\$ VIRTUAL_ENV_PROMPT=(ros2) /usr/bin/cmake --install /home/user/ROS2AMR/docker/docker_environment/rosbot3_simulation/build/ros_commons
[0.417s] Level 1:colcon.colcon_core.shell:create_environment_hook('rosbot3_description', 'ros_package_path')
[0.417s] INFO:colcon.colcon_core.shell:Creating environment hook '/home/user/ROS2AMR/docker/docker_environment/rosbot3_simulation/install/rosbot3_description/share/rosbot3_description/hook/ros_package_path.ps1'
[0.417s] DEBUG:colcon.colcon_core.event_handler.log_command:Invoked command in '/home/user/ROS2AMR/docker/docker_environment/rosbot3_simulation/build/rosbot3_description' returned '0': PS1=(ros2) [\u@\h:\W]\$ VIRTUAL_ENV_PROMPT=(ros2) /usr/bin/cmake --install /home/user/ROS2AMR/docker/docker_environment/rosbot3_simulation/build/rosbot3_description
[0.419s] INFO:colcon.colcon_core.shell:Creating environment descriptor '/home/user/ROS2AMR/docker/docker_environment/rosbot3_simulation/install/rosbot3_description/share/rosbot3_description/hook/ros_package_path.dsv'
[0.420s] INFO:colcon.colcon_core.shell:Creating environment hook '/home/user/ROS2AMR/docker/docker_environment/rosbot3_simulation/install/rosbot3_description/share/rosbot3_description/hook/ros_package_path.sh'
[0.421s] Level 1:colcon.colcon_core.shell:create_environment_hook('rosbot3_description', 'pkg_config_path')
[0.422s] INFO:colcon.colcon_core.shell:Creating environment hook '/home/user/ROS2AMR/docker/docker_environment/rosbot3_simulation/install/rosbot3_description/share/rosbot3_description/hook/pkg_config_path.ps1'
[0.422s] INFO:colcon.colcon_core.shell:Creating environment descriptor '/home/user/ROS2AMR/docker/docker_environment/rosbot3_simulation/install/rosbot3_description/share/rosbot3_description/hook/pkg_config_path.dsv'
[0.423s] INFO:colcon.colcon_core.shell:Creating environment hook '/home/user/ROS2AMR/docker/docker_environment/rosbot3_simulation/install/rosbot3_description/share/rosbot3_description/hook/pkg_config_path.sh'
[0.426s] Level 1:colcon.colcon_core.shell:create_environment_hook('rosbot3_description', 'pkg_config_path_multiarch')
[0.427s] INFO:colcon.colcon_core.shell:Creating environment hook '/home/user/ROS2AMR/docker/docker_environment/rosbot3_simulation/install/rosbot3_description/share/rosbot3_description/hook/pkg_config_path_multiarch.ps1'
[0.428s] INFO:colcon.colcon_core.shell:Creating environment descriptor '/home/user/ROS2AMR/docker/docker_environment/rosbot3_simulation/install/rosbot3_description/share/rosbot3_description/hook/pkg_config_path_multiarch.dsv'
[0.429s] INFO:colcon.colcon_core.shell:Creating environment hook '/home/user/ROS2AMR/docker/docker_environment/rosbot3_simulation/install/rosbot3_description/share/rosbot3_description/hook/pkg_config_path_multiarch.sh'
[0.430s] Level 1:colcon.colcon_core.environment:create_environment_scripts_only(rosbot3_description)
[0.437s] Level 1:colcon.colcon_core.environment:checking '/home/user/ROS2AMR/docker/docker_environment/rosbot3_simulation/install/rosbot3_description' for CMake module files
[0.437s] Level 1:colcon.colcon_core.environment:checking '/home/user/ROS2AMR/docker/docker_environment/rosbot3_simulation/install/rosbot3_description' for CMake config files
[0.437s] Level 1:colcon.colcon_core.shell:create_environment_hook('rosbot3_description', 'cmake_prefix_path')
[0.438s] INFO:colcon.colcon_core.shell:Creating environment hook '/home/user/ROS2AMR/docker/docker_environment/rosbot3_simulation/install/rosbot3_description/share/rosbot3_description/hook/cmake_prefix_path.ps1'
[0.438s] INFO:colcon.colcon_core.shell:Creating environment descriptor '/home/user/ROS2AMR/docker/docker_environment/rosbot3_simulation/install/rosbot3_description/share/rosbot3_description/hook/cmake_prefix_path.dsv'
[0.438s] INFO:colcon.colcon_core.shell:Creating environment hook '/home/user/ROS2AMR/docker/docker_environment/rosbot3_simulation/install/rosbot3_description/share/rosbot3_description/hook/cmake_prefix_path.sh'
[0.439s] Level 1:colcon.colcon_core.environment:checking '/home/user/ROS2AMR/docker/docker_environment/rosbot3_simulation/install/rosbot3_description/bin'
[0.439s] Level 1:colcon.colcon_core.environment:checking '/home/user/ROS2AMR/docker/docker_environment/rosbot3_simulation/install/rosbot3_description/lib/pkgconfig/rosbot3_description.pc'
[0.439s] Level 1:colcon.colcon_core.environment:checking '/home/user/ROS2AMR/docker/docker_environment/rosbot3_simulation/install/rosbot3_description/lib/python3.10/site-packages'
[0.439s] Level 1:colcon.colcon_core.environment:checking '/home/user/ROS2AMR/docker/docker_environment/rosbot3_simulation/install/rosbot3_description/bin'
[0.440s] INFO:colcon.colcon_core.shell:Creating package script '/home/user/ROS2AMR/docker/docker_environment/rosbot3_simulation/install/rosbot3_description/share/rosbot3_description/package.ps1'
[0.441s] INFO:colcon.colcon_core.shell:Creating package descriptor '/home/user/ROS2AMR/docker/docker_environment/rosbot3_simulation/install/rosbot3_description/share/rosbot3_description/package.dsv'
[0.442s] INFO:colcon.colcon_core.shell:Creating package script '/home/user/ROS2AMR/docker/docker_environment/rosbot3_simulation/install/rosbot3_description/share/rosbot3_description/package.sh'
[0.442s] INFO:colcon.colcon_core.shell:Creating package script '/home/user/ROS2AMR/docker/docker_environment/rosbot3_simulation/install/rosbot3_description/share/rosbot3_description/package.bash'
[0.444s] INFO:colcon.colcon_core.shell:Creating package script '/home/user/ROS2AMR/docker/docker_environment/rosbot3_simulation/install/rosbot3_description/share/rosbot3_description/package.zsh'
[0.444s] Level 1:colcon.colcon_core.environment:create_file_with_runtime_dependencies(/home/user/ROS2AMR/docker/docker_environment/rosbot3_simulation/install/rosbot3_description/share/colcon-core/packages/rosbot3_description)
[0.450s] Level 1:colcon.colcon_core.shell:create_environment_hook('ros_commons', 'ros_package_path')
[0.450s] INFO:colcon.colcon_core.shell:Creating environment hook '/home/user/ROS2AMR/docker/docker_environment/rosbot3_simulation/install/ros_commons/share/ros_commons/hook/ros_package_path.ps1'
[0.451s] DEBUG:colcon.colcon_core.event_handler.log_command:Invoked command in '/home/user/ROS2AMR/docker/docker_environment/rosbot3_simulation/build/ros_commons' returned '0': PS1=(ros2) [\u@\h:\W]\$ VIRTUAL_ENV_PROMPT=(ros2) /usr/bin/cmake --install /home/user/ROS2AMR/docker/docker_environment/rosbot3_simulation/build/ros_commons
[0.451s] INFO:colcon.colcon_core.shell:Creating environment descriptor '/home/user/ROS2AMR/docker/docker_environment/rosbot3_simulation/install/ros_commons/share/ros_commons/hook/ros_package_path.dsv'
[0.452s] INFO:colcon.colcon_core.shell:Creating environment hook '/home/user/ROS2AMR/docker/docker_environment/rosbot3_simulation/install/ros_commons/share/ros_commons/hook/ros_package_path.sh'
[0.453s] Level 1:colcon.colcon_core.shell:create_environment_hook('ros_commons', 'pkg_config_path')
[0.454s] INFO:colcon.colcon_core.shell:Creating environment hook '/home/user/ROS2AMR/docker/docker_environment/rosbot3_simulation/install/ros_commons/share/ros_commons/hook/pkg_config_path.ps1'
[0.454s] INFO:colcon.colcon_core.shell:Creating environment descriptor '/home/user/ROS2AMR/docker/docker_environment/rosbot3_simulation/install/ros_commons/share/ros_commons/hook/pkg_config_path.dsv'
[0.454s] INFO:colcon.colcon_core.shell:Creating environment hook '/home/user/ROS2AMR/docker/docker_environment/rosbot3_simulation/install/ros_commons/share/ros_commons/hook/pkg_config_path.sh'
[0.454s] Level 1:colcon.colcon_core.shell:create_environment_hook('ros_commons', 'pkg_config_path_multiarch')
[0.454s] INFO:colcon.colcon_core.shell:Creating environment hook '/home/user/ROS2AMR/docker/docker_environment/rosbot3_simulation/install/ros_commons/share/ros_commons/hook/pkg_config_path_multiarch.ps1'
[0.455s] INFO:colcon.colcon_core.shell:Creating environment descriptor '/home/user/ROS2AMR/docker/docker_environment/rosbot3_simulation/install/ros_commons/share/ros_commons/hook/pkg_config_path_multiarch.dsv'
[0.455s] INFO:colcon.colcon_core.shell:Creating environment hook '/home/user/ROS2AMR/docker/docker_environment/rosbot3_simulation/install/ros_commons/share/ros_commons/hook/pkg_config_path_multiarch.sh'
[0.456s] Level 1:colcon.colcon_core.environment:create_environment_scripts_only(ros_commons)
[0.456s] Level 1:colcon.colcon_core.environment:checking '/home/user/ROS2AMR/docker/docker_environment/rosbot3_simulation/install/ros_commons' for CMake module files
[0.456s] Level 1:colcon.colcon_core.environment:checking '/home/user/ROS2AMR/docker/docker_environment/rosbot3_simulation/install/ros_commons' for CMake config files
[0.456s] Level 1:colcon.colcon_core.shell:create_environment_hook('ros_commons', 'cmake_prefix_path')
[0.456s] INFO:colcon.colcon_core.shell:Creating environment hook '/home/user/ROS2AMR/docker/docker_environment/rosbot3_simulation/install/ros_commons/share/ros_commons/hook/cmake_prefix_path.ps1'
[0.457s] INFO:colcon.colcon_core.shell:Creating environment descriptor '/home/user/ROS2AMR/docker/docker_environment/rosbot3_simulation/install/ros_commons/share/ros_commons/hook/cmake_prefix_path.dsv'
[0.457s] INFO:colcon.colcon_core.shell:Creating environment hook '/home/user/ROS2AMR/docker/docker_environment/rosbot3_simulation/install/ros_commons/share/ros_commons/hook/cmake_prefix_path.sh'
[0.457s] Level 1:colcon.colcon_core.environment:checking '/home/user/ROS2AMR/docker/docker_environment/rosbot3_simulation/install/ros_commons/bin'
[0.457s] Level 1:colcon.colcon_core.environment:checking '/home/user/ROS2AMR/docker/docker_environment/rosbot3_simulation/install/ros_commons/lib/pkgconfig/ros_commons.pc'
[0.458s] Level 1:colcon.colcon_core.environment:checking '/home/user/ROS2AMR/docker/docker_environment/rosbot3_simulation/install/ros_commons/lib/python3.10/site-packages'
[0.458s] Level 1:colcon.colcon_core.environment:checking '/home/user/ROS2AMR/docker/docker_environment/rosbot3_simulation/install/ros_commons/bin'
[0.458s] INFO:colcon.colcon_core.shell:Creating package script '/home/user/ROS2AMR/docker/docker_environment/rosbot3_simulation/install/ros_commons/share/ros_commons/package.ps1'
[0.459s] INFO:colcon.colcon_core.shell:Creating package descriptor '/home/user/ROS2AMR/docker/docker_environment/rosbot3_simulation/install/ros_commons/share/ros_commons/package.dsv'
[0.460s] INFO:colcon.colcon_core.shell:Creating package script '/home/user/ROS2AMR/docker/docker_environment/rosbot3_simulation/install/ros_commons/share/ros_commons/package.sh'
[0.460s] INFO:colcon.colcon_core.shell:Creating package script '/home/user/ROS2AMR/docker/docker_environment/rosbot3_simulation/install/ros_commons/share/ros_commons/package.bash'
[0.461s] INFO:colcon.colcon_core.shell:Creating package script '/home/user/ROS2AMR/docker/docker_environment/rosbot3_simulation/install/ros_commons/share/ros_commons/package.zsh'
[0.461s] Level 1:colcon.colcon_core.environment:create_file_with_runtime_dependencies(/home/user/ROS2AMR/docker/docker_environment/rosbot3_simulation/install/ros_commons/share/colcon-core/packages/ros_commons)
[0.538s] DEBUG:colcon.colcon_core.event_handler.log_command:Invoked command in '/home/user/ROS2AMR/docker/docker_environment/rosbot3_simulation/build/rosbot3_gazebo' returned '1': PS1=(ros2) [\u@\h:\W]\$ VIRTUAL_ENV_PROMPT=(ros2) /usr/bin/cmake /home/user/ROS2AMR/docker/docker_environment/rosbot3_simulation/src/rosbot3_gazebo -DCMAKE_INSTALL_PREFIX=/home/user/ROS2AMR/docker/docker_environment/rosbot3_simulation/install/rosbot3_gazebo
[0.549s] DEBUG:colcon.colcon_parallel_executor.executor.parallel:closing loop
[0.549s] DEBUG:colcon.colcon_parallel_executor.executor.parallel:loop closed
[0.549s] DEBUG:colcon.colcon_parallel_executor.executor.parallel:run_until_complete finished with '1'
[0.549s] DEBUG:colcon.colcon_core.event_reactor:joining thread
[0.555s] INFO:colcon.colcon_core.plugin_system:Skipping extension 'colcon_notification.desktop_notification.notify_send': Could not find 'notify-send'
[0.555s] INFO:colcon.colcon_core.plugin_system:Skipping extension 'colcon_notification.desktop_notification.terminal_notifier': Not used on non-Darwin systems
[0.555s] INFO:colcon.colcon_core.plugin_system:Skipping extension 'colcon_notification.desktop_notification.win32': Not used on non-Windows systems
[0.555s] INFO:colcon.colcon_notification.desktop_notification:Sending desktop notification using 'notify2'
[0.557s] DEBUG:colcon.colcon_notification.desktop_notification.notify2:Failed to initialize notify2: org.freedesktop.DBus.Error.Spawn.ExecFailed: /usr/bin/dbus-launch terminated abnormally without any error message
[0.558s] DEBUG:colcon.colcon_core.event_reactor:joined thread
[0.558s] INFO:colcon.colcon_core.shell:Creating prefix script '/home/user/ROS2AMR/docker/docker_environment/rosbot3_simulation/install/local_setup.ps1'
[0.559s] INFO:colcon.colcon_core.shell:Creating prefix util module '/home/user/ROS2AMR/docker/docker_environment/rosbot3_simulation/install/_local_setup_util_ps1.py'
[0.560s] INFO:colcon.colcon_core.shell:Creating prefix chain script '/home/user/ROS2AMR/docker/docker_environment/rosbot3_simulation/install/setup.ps1'
[0.561s] INFO:colcon.colcon_core.shell:Creating prefix script '/home/user/ROS2AMR/docker/docker_environment/rosbot3_simulation/install/local_setup.sh'
[0.562s] INFO:colcon.colcon_core.shell:Creating prefix util module '/home/user/ROS2AMR/docker/docker_environment/rosbot3_simulation/install/_local_setup_util_sh.py'
[0.563s] INFO:colcon.colcon_core.shell:Creating prefix chain script '/home/user/ROS2AMR/docker/docker_environment/rosbot3_simulation/install/setup.sh'
[0.564s] INFO:colcon.colcon_core.shell:Creating prefix script '/home/user/ROS2AMR/docker/docker_environment/rosbot3_simulation/install/local_setup.bash'
[0.565s] INFO:colcon.colcon_core.shell:Creating prefix chain script '/home/user/ROS2AMR/docker/docker_environment/rosbot3_simulation/install/setup.bash'
[0.566s] INFO:colcon.colcon_core.shell:Creating prefix script '/home/user/ROS2AMR/docker/docker_environment/rosbot3_simulation/install/local_setup.zsh'
[0.567s] INFO:colcon.colcon_core.shell:Creating prefix chain script '/home/user/ROS2AMR/docker/docker_environment/rosbot3_simulation/install/setup.zsh'
